{"/Users/loweryr/git/github/rhlowery/unity-catalog-access-request-ui/src/components/ErrorBoundary.tsx": {"path":"/Users/loweryr/git/github/rhlowery/unity-catalog-access-request-ui/src/components/ErrorBoundary.tsx","statementMap":{"0":{"start":{"line":28,"column":4},"end":{"line":28,"column":null}},"1":{"start":{"line":32,"column":20},"end":{"line":32,"column":null}},"2":{"start":{"line":34,"column":4},"end":{"line":38,"column":null}},"3":{"start":{"line":41,"column":4},"end":{"line":43,"column":null}},"4":{"start":{"line":42,"column":6},"end":{"line":42,"column":null}},"5":{"start":{"line":60,"column":4},"end":{"line":136,"column":null}},"6":{"start":{"line":61,"column":28},"end":{"line":61,"column":47}},"7":{"start":{"line":63,"column":6},"end":{"line":127,"column":null}},"8":{"start":{"line":113,"column":34},"end":{"line":113,"column":null}},"9":{"start":{"line":114,"column":46},"end":{"line":114,"column":null}},"10":{"start":{"line":115,"column":24},"end":{"line":118,"column":null}},"11":{"start":{"line":116,"column":38},"end":{"line":116,"column":null}},"12":{"start":{"line":117,"column":26},"end":{"line":117,"column":null}},"13":{"start":{"line":119,"column":24},"end":{"line":119,"column":null}},"14":{"start":{"line":138,"column":4},"end":{"line":138,"column":null}},"15":{"start":{"line":18,"column":4},"end":{"line":57,"column":null}},"16":{"start":{"line":47,"column":4},"end":{"line":52,"column":null}},"17":{"start":{"line":56,"column":4},"end":{"line":56,"column":null}},"18":{"start":{"line":19,"column":4},"end":{"line":24,"column":null}}},"fnMap":{"0":{"name":"(anonymous_0)","decl":{"start":{"line":27,"column":9},"end":{"line":27,"column":34}},"loc":{"start":{"line":27,"column":78},"end":{"line":29,"column":null}},"line":27},"1":{"name":"(anonymous_1)","decl":{"start":{"line":31,"column":2},"end":{"line":31,"column":20}},"loc":{"start":{"line":31,"column":62},"end":{"line":44,"column":null}},"line":31},"2":{"name":"(anonymous_2)","decl":{"start":{"line":59,"column":2},"end":{"line":59,"column":11}},"loc":{"start":{"line":59,"column":11},"end":{"line":139,"column":null}},"line":59},"3":{"name":"(anonymous_3)","decl":{"start":{"line":112,"column":24},"end":{"line":112,"column":null}},"loc":{"start":{"line":112,"column":24},"end":{"line":120,"column":null}},"line":112},"4":{"name":"(anonymous_4)","decl":{"start":{"line":115,"column":46},"end":{"line":115,"column":null}},"loc":{"start":{"line":115,"column":46},"end":{"line":118,"column":null}},"line":115},"5":{"name":"(anonymous_5)","decl":{"start":{"line":17,"column":2},"end":{"line":17,"column":14}},"loc":{"start":{"line":17,"column":41},"end":{"line":25,"column":null}},"line":17},"6":{"name":"(anonymous_6)","decl":{"start":{"line":46,"column":16},"end":{"line":46,"column":null}},"loc":{"start":{"line":46,"column":16},"end":{"line":53,"column":null}},"line":46},"7":{"name":"(anonymous_7)","decl":{"start":{"line":55,"column":17},"end":{"line":55,"column":null}},"loc":{"start":{"line":55,"column":17},"end":{"line":57,"column":null}},"line":55}},"branchMap":{"0":{"loc":{"start":{"line":41,"column":4},"end":{"line":43,"column":null}},"type":"if","locations":[{"start":{"line":41,"column":4},"end":{"line":43,"column":null}},{"start":{},"end":{}}],"line":41},"1":{"loc":{"start":{"line":60,"column":4},"end":{"line":136,"column":null}},"type":"if","locations":[{"start":{"line":60,"column":4},"end":{"line":136,"column":null}},{"start":{},"end":{}}],"line":60},"2":{"loc":{"start":{"line":76,"column":15},"end":{"line":78,"column":null}},"type":"binary-expr","locations":[{"start":{"line":76,"column":15},"end":{"line":76,"column":33}},{"start":{"line":76,"column":33},"end":{"line":78,"column":null}}],"line":76},"3":{"loc":{"start":{"line":101,"column":13},"end":{"line":127,"column":null}},"type":"binary-expr","locations":[{"start":{"line":101,"column":13},"end":{"line":101,"column":null}},{"start":{"line":101,"column":13},"end":{"line":127,"column":null}}],"line":101},"4":{"loc":{"start":{"line":113,"column":34},"end":{"line":113,"column":null}},"type":"binary-expr","locations":[{"start":{"line":113,"column":34},"end":{"line":113,"column":66}},{"start":{"line":113,"column":66},"end":{"line":113,"column":null}}],"line":113}},"s":{"0":4,"1":2,"2":2,"3":2,"4":2,"5":10,"6":6,"7":6,"8":6,"9":6,"10":6,"11":30,"12":30,"13":6,"14":4,"15":5,"16":0,"17":0,"18":5},"f":{"0":1,"1":2,"2":10,"3":6,"4":30,"5":5,"6":0,"7":0},"b":{"0":[2,0],"1":[6,4],"2":[6,2],"3":[6,6],"4":[6,4]},"meta":{"lastBranch":5,"lastFunction":8,"lastStatement":19,"seen":{"f:27:9:27:34":0,"s:28:4:28:Infinity":0,"f:31:2:31:20":1,"s:32:20:32:Infinity":1,"s:34:4:38:Infinity":2,"b:41:4:43:Infinity:undefined:undefined:undefined:undefined":0,"s:41:4:43:Infinity":3,"s:42:6:42:Infinity":4,"f:59:2:59:11":2,"b:60:4:136:Infinity:undefined:undefined:undefined:undefined":1,"s:60:4:136:Infinity":5,"s:61:28:61:47":6,"s:63:6:127:Infinity":7,"b:76:15:76:33:76:33:78:Infinity":2,"b:101:13:101:Infinity:101:13:127:Infinity":3,"f:112:24:112:Infinity":3,"s:113:34:113:Infinity":8,"b:113:34:113:66:113:66:113:Infinity":4,"s:114:46:114:Infinity":9,"s:115:24:118:Infinity":10,"f:115:46:115:Infinity":4,"s:116:38:116:Infinity":11,"s:117:26:117:Infinity":12,"s:119:24:119:Infinity":13,"s:138:4:138:Infinity":14,"f:17:2:17:14":5,"s:18:4:57:Infinity":15,"f:46:16:46:Infinity":6,"s:47:4:52:Infinity":16,"f:55:17:55:Infinity":7,"s:56:4:56:Infinity":17,"s:19:4:24:Infinity":18}}}
,"/Users/loweryr/git/github/rhlowery/unity-catalog-access-request-ui/src/services/ObservabilityService.ts": {"path":"/Users/loweryr/git/github/rhlowery/unity-catalog-access-request-ui/src/services/ObservabilityService.ts","statementMap":{"0":{"start":{"line":10,"column":13},"end":{"line":15,"column":null}},"1":{"start":{"line":18,"column":21},"end":{"line":21,"column":null}},"2":{"start":{"line":24,"column":16},"end":{"line":32,"column":null}},"3":{"start":{"line":35,"column":58},"end":{"line":35,"column":null}},"4":{"start":{"line":36,"column":46},"end":{"line":36,"column":null}},"5":{"start":{"line":39,"column":33},"end":{"line":54,"column":null}},"6":{"start":{"line":40,"column":4},"end":{"line":53,"column":null}},"7":{"start":{"line":41,"column":8},"end":{"line":45,"column":null}},"8":{"start":{"line":47,"column":8},"end":{"line":47,"column":null}},"9":{"start":{"line":50,"column":8},"end":{"line":50,"column":null}},"10":{"start":{"line":52,"column":8},"end":{"line":52,"column":null}},"11":{"start":{"line":56,"column":29},"end":{"line":85,"column":null}},"12":{"start":{"line":57,"column":4},"end":{"line":57,"column":null}},"13":{"start":{"line":57,"column":23},"end":{"line":57,"column":null}},"14":{"start":{"line":59,"column":4},"end":{"line":84,"column":null}},"15":{"start":{"line":60,"column":26},"end":{"line":60,"column":null}},"16":{"start":{"line":62,"column":8},"end":{"line":81,"column":null}},"17":{"start":{"line":63,"column":12},"end":{"line":63,"column":null}},"18":{"start":{"line":66,"column":12},"end":{"line":72,"column":null}},"19":{"start":{"line":67,"column":16},"end":{"line":71,"column":null}},"20":{"start":{"line":75,"column":26},"end":{"line":77,"column":null}},"21":{"start":{"line":78,"column":12},"end":{"line":78,"column":null}},"22":{"start":{"line":80,"column":12},"end":{"line":80,"column":null}},"23":{"start":{"line":83,"column":8},"end":{"line":83,"column":null}},"24":{"start":{"line":88,"column":0},"end":{"line":88,"column":null}},"25":{"start":{"line":89,"column":0},"end":{"line":89,"column":null}},"26":{"start":{"line":92,"column":19},"end":{"line":92,"column":null}},"27":{"start":{"line":94,"column":12},"end":{"line":150,"column":null}},"28":{"start":{"line":95,"column":4},"end":{"line":95,"column":null}},"29":{"start":{"line":95,"column":25},"end":{"line":95,"column":null}},"30":{"start":{"line":97,"column":4},"end":{"line":97,"column":null}},"31":{"start":{"line":97,"column":57},"end":{"line":97,"column":null}},"32":{"start":{"line":100,"column":17},"end":{"line":100,"column":23}},"33":{"start":{"line":101,"column":20},"end":{"line":101,"column":null}},"34":{"start":{"line":102,"column":19},"end":{"line":102,"column":null}},"35":{"start":{"line":104,"column":21},"end":{"line":113,"column":null}},"36":{"start":{"line":116,"column":29},"end":{"line":116,"column":75}},"37":{"start":{"line":118,"column":4},"end":{"line":136,"column":null}},"38":{"start":{"line":120,"column":12},"end":{"line":120,"column":null}},"39":{"start":{"line":121,"column":12},"end":{"line":121,"column":null}},"40":{"start":{"line":123,"column":12},"end":{"line":123,"column":null}},"41":{"start":{"line":124,"column":12},"end":{"line":124,"column":null}},"42":{"start":{"line":126,"column":12},"end":{"line":126,"column":null}},"43":{"start":{"line":127,"column":12},"end":{"line":127,"column":null}},"44":{"start":{"line":129,"column":12},"end":{"line":129,"column":null}},"45":{"start":{"line":131,"column":12},"end":{"line":134,"column":null}},"46":{"start":{"line":135,"column":12},"end":{"line":135,"column":null}},"47":{"start":{"line":139,"column":4},"end":{"line":149,"column":null}},"48":{"start":{"line":140,"column":23},"end":{"line":140,"column":null}},"49":{"start":{"line":141,"column":21},"end":{"line":141,"column":53}},"50":{"start":{"line":142,"column":8},"end":{"line":142,"column":null}},"51":{"start":{"line":145,"column":27},"end":{"line":145,"column":null}},"52":{"start":{"line":146,"column":8},"end":{"line":146,"column":null}},"53":{"start":{"line":148,"column":8},"end":{"line":148,"column":null}},"54":{"start":{"line":153,"column":22},"end":{"line":196,"column":null}},"55":{"start":{"line":154,"column":4},"end":{"line":154,"column":null}},"56":{"start":{"line":154,"column":68},"end":{"line":154,"column":null}},"57":{"start":{"line":156,"column":4},"end":{"line":195,"column":null}},"58":{"start":{"line":157,"column":39},"end":{"line":165,"column":null}},"59":{"start":{"line":168,"column":28},"end":{"line":168,"column":null}},"60":{"start":{"line":171,"column":32},"end":{"line":171,"column":null}},"61":{"start":{"line":172,"column":30},"end":{"line":172,"column":null}},"62":{"start":{"line":173,"column":8},"end":{"line":173,"column":null}},"63":{"start":{"line":176,"column":8},"end":{"line":176,"column":null}},"64":{"start":{"line":179,"column":8},"end":{"line":182,"column":null}},"65":{"start":{"line":184,"column":8},"end":{"line":184,"column":null}},"66":{"start":{"line":187,"column":22},"end":{"line":189,"column":null}},"67":{"start":{"line":190,"column":8},"end":{"line":190,"column":null}},"68":{"start":{"line":193,"column":8},"end":{"line":193,"column":null}},"69":{"start":{"line":194,"column":8},"end":{"line":194,"column":null}},"70":{"start":{"line":198,"column":26},"end":{"line":206,"column":null}},"71":{"start":{"line":199,"column":4},"end":{"line":203,"column":null}},"72":{"start":{"line":205,"column":4},"end":{"line":205,"column":null}},"73":{"start":{"line":208,"column":24},"end":{"line":213,"column":null}},"74":{"start":{"line":209,"column":4},"end":{"line":212,"column":null}},"75":{"start":{"line":215,"column":23},"end":{"line":217,"column":null}},"76":{"start":{"line":216,"column":4},"end":{"line":216,"column":null}},"77":{"start":{"line":219,"column":25},"end":{"line":224,"column":null}},"78":{"start":{"line":220,"column":4},"end":{"line":223,"column":null}},"79":{"start":{"line":227,"column":36},"end":{"line":378,"column":null}},"80":{"start":{"line":230,"column":8},"end":{"line":230,"column":null}},"81":{"start":{"line":231,"column":8},"end":{"line":233,"column":null}},"82":{"start":{"line":232,"column":12},"end":{"line":232,"column":null}},"83":{"start":{"line":234,"column":8},"end":{"line":234,"column":null}},"84":{"start":{"line":239,"column":8},"end":{"line":239,"column":null}},"85":{"start":{"line":243,"column":8},"end":{"line":243,"column":null}},"86":{"start":{"line":247,"column":8},"end":{"line":247,"column":null}},"87":{"start":{"line":251,"column":8},"end":{"line":251,"column":null}},"88":{"start":{"line":256,"column":8},"end":{"line":259,"column":null}},"89":{"start":{"line":263,"column":8},"end":{"line":263,"column":null}},"90":{"start":{"line":267,"column":8},"end":{"line":267,"column":null}},"91":{"start":{"line":271,"column":8},"end":{"line":271,"column":null}},"92":{"start":{"line":275,"column":8},"end":{"line":278,"column":null}},"93":{"start":{"line":282,"column":8},"end":{"line":282,"column":null}},"94":{"start":{"line":286,"column":8},"end":{"line":286,"column":null}},"95":{"start":{"line":290,"column":8},"end":{"line":294,"column":null}},"96":{"start":{"line":299,"column":8},"end":{"line":299,"column":null}},"97":{"start":{"line":303,"column":8},"end":{"line":303,"column":null}},"98":{"start":{"line":303,"column":27},"end":{"line":303,"column":null}},"99":{"start":{"line":304,"column":8},"end":{"line":304,"column":null}},"100":{"start":{"line":308,"column":8},"end":{"line":308,"column":null}},"101":{"start":{"line":308,"column":27},"end":{"line":308,"column":null}},"102":{"start":{"line":309,"column":8},"end":{"line":309,"column":null}},"103":{"start":{"line":314,"column":8},"end":{"line":321,"column":null}},"104":{"start":{"line":325,"column":8},"end":{"line":327,"column":null}},"105":{"start":{"line":326,"column":12},"end":{"line":326,"column":null}},"106":{"start":{"line":332,"column":8},"end":{"line":353,"column":null}},"107":{"start":{"line":333,"column":30},"end":{"line":333,"column":null}},"108":{"start":{"line":334,"column":32},"end":{"line":334,"column":null}},"109":{"start":{"line":334,"column":76},"end":{"line":334,"column":92}},"110":{"start":{"line":336,"column":12},"end":{"line":346,"column":null}},"111":{"start":{"line":348,"column":12},"end":{"line":352,"column":null}},"112":{"start":{"line":358,"column":24},"end":{"line":358,"column":86}},"113":{"start":{"line":359,"column":8},"end":{"line":364,"column":null}},"114":{"start":{"line":365,"column":8},"end":{"line":365,"column":null}},"115":{"start":{"line":370,"column":8},"end":{"line":370,"column":null}},"116":{"start":{"line":375,"column":8},"end":{"line":375,"column":null}},"117":{"start":{"line":376,"column":8},"end":{"line":376,"column":null}}},"fnMap":{"0":{"name":"(anonymous_0)","decl":{"start":{"line":39,"column":33},"end":{"line":39,"column":null}},"loc":{"start":{"line":39,"column":33},"end":{"line":54,"column":null}},"line":39},"1":{"name":"(anonymous_1)","decl":{"start":{"line":56,"column":29},"end":{"line":56,"column":null}},"loc":{"start":{"line":56,"column":29},"end":{"line":85,"column":null}},"line":56},"2":{"name":"(anonymous_2)","decl":{"start":{"line":66,"column":37},"end":{"line":66,"column":null}},"loc":{"start":{"line":66,"column":37},"end":{"line":72,"column":null}},"line":66},"3":{"name":"(anonymous_3)","decl":{"start":{"line":94,"column":12},"end":{"line":94,"column":13}},"loc":{"start":{"line":94,"column":44},"end":{"line":150,"column":null}},"line":94},"4":{"name":"(anonymous_4)","decl":{"start":{"line":153,"column":22},"end":{"line":153,"column":29}},"loc":{"start":{"line":153,"column":107},"end":{"line":196,"column":null}},"line":153},"5":{"name":"(anonymous_5)","decl":{"start":{"line":198,"column":26},"end":{"line":198,"column":27}},"loc":{"start":{"line":198,"column":41},"end":{"line":206,"column":null}},"line":198},"6":{"name":"(anonymous_6)","decl":{"start":{"line":208,"column":24},"end":{"line":208,"column":25}},"loc":{"start":{"line":208,"column":91},"end":{"line":213,"column":null}},"line":208},"7":{"name":"(anonymous_7)","decl":{"start":{"line":215,"column":23},"end":{"line":215,"column":24}},"loc":{"start":{"line":215,"column":88},"end":{"line":217,"column":null}},"line":215},"8":{"name":"(anonymous_8)","decl":{"start":{"line":219,"column":25},"end":{"line":219,"column":26}},"loc":{"start":{"line":219,"column":109},"end":{"line":224,"column":null}},"line":219},"9":{"name":"(anonymous_9)","decl":{"start":{"line":229,"column":4},"end":{"line":229,"column":14}},"loc":{"start":{"line":229,"column":23},"end":{"line":235,"column":null}},"line":229},"10":{"name":"(anonymous_10)","decl":{"start":{"line":238,"column":4},"end":{"line":238,"column":10}},"loc":{"start":{"line":238,"column":29},"end":{"line":240,"column":null}},"line":238},"11":{"name":"(anonymous_11)","decl":{"start":{"line":242,"column":4},"end":{"line":242,"column":9}},"loc":{"start":{"line":242,"column":28},"end":{"line":244,"column":null}},"line":242},"12":{"name":"(anonymous_12)","decl":{"start":{"line":246,"column":4},"end":{"line":246,"column":9}},"loc":{"start":{"line":246,"column":28},"end":{"line":248,"column":null}},"line":246},"13":{"name":"(anonymous_13)","decl":{"start":{"line":250,"column":4},"end":{"line":250,"column":10}},"loc":{"start":{"line":250,"column":33},"end":{"line":252,"column":null}},"line":250},"14":{"name":"(anonymous_14)","decl":{"start":{"line":255,"column":10},"end":{"line":255,"column":27}},"loc":{"start":{"line":255,"column":70},"end":{"line":260,"column":null}},"line":255},"15":{"name":"(anonymous_15)","decl":{"start":{"line":262,"column":10},"end":{"line":262,"column":27}},"loc":{"start":{"line":262,"column":55},"end":{"line":264,"column":null}},"line":262},"16":{"name":"(anonymous_16)","decl":{"start":{"line":266,"column":10},"end":{"line":266,"column":26}},"loc":{"start":{"line":266,"column":49},"end":{"line":268,"column":null}},"line":266},"17":{"name":"(anonymous_17)","decl":{"start":{"line":270,"column":10},"end":{"line":270,"column":22}},"loc":{"start":{"line":270,"column":56},"end":{"line":272,"column":null}},"line":270},"18":{"name":"(anonymous_18)","decl":{"start":{"line":274,"column":10},"end":{"line":274,"column":28}},"loc":{"start":{"line":274,"column":66},"end":{"line":279,"column":null}},"line":274},"19":{"name":"(anonymous_19)","decl":{"start":{"line":281,"column":10},"end":{"line":281,"column":28}},"loc":{"start":{"line":281,"column":53},"end":{"line":283,"column":null}},"line":281},"20":{"name":"(anonymous_20)","decl":{"start":{"line":285,"column":10},"end":{"line":285,"column":28}},"loc":{"start":{"line":285,"column":45},"end":{"line":287,"column":null}},"line":285},"21":{"name":"(anonymous_21)","decl":{"start":{"line":289,"column":10},"end":{"line":289,"column":27}},"loc":{"start":{"line":289,"column":56},"end":{"line":295,"column":null}},"line":289},"22":{"name":"(anonymous_22)","decl":{"start":{"line":298,"column":10},"end":{"line":298,"column":null}},"loc":{"start":{"line":298,"column":10},"end":{"line":300,"column":null}},"line":298},"23":{"name":"(anonymous_23)","decl":{"start":{"line":302,"column":10},"end":{"line":302,"column":26}},"loc":{"start":{"line":302,"column":31},"end":{"line":305,"column":null}},"line":302},"24":{"name":"(anonymous_24)","decl":{"start":{"line":307,"column":10},"end":{"line":307,"column":27}},"loc":{"start":{"line":307,"column":37},"end":{"line":310,"column":null}},"line":307},"25":{"name":"(anonymous_25)","decl":{"start":{"line":313,"column":4},"end":{"line":313,"column":null}},"loc":{"start":{"line":313,"column":4},"end":{"line":322,"column":null}},"line":313},"26":{"name":"(anonymous_26)","decl":{"start":{"line":324,"column":4},"end":{"line":324,"column":null}},"loc":{"start":{"line":324,"column":4},"end":{"line":328,"column":null}},"line":324},"27":{"name":"(anonymous_27)","decl":{"start":{"line":325,"column":37},"end":{"line":325,"column":null}},"loc":{"start":{"line":325,"column":37},"end":{"line":327,"column":null}},"line":325},"28":{"name":"(anonymous_28)","decl":{"start":{"line":331,"column":10},"end":{"line":331,"column":null}},"loc":{"start":{"line":331,"column":10},"end":{"line":354,"column":null}},"line":331},"29":{"name":"(anonymous_29)","decl":{"start":{"line":334,"column":62},"end":{"line":334,"column":63}},"loc":{"start":{"line":334,"column":76},"end":{"line":334,"column":92}},"line":334},"30":{"name":"(anonymous_30)","decl":{"start":{"line":357,"column":4},"end":{"line":357,"column":13}},"loc":{"start":{"line":357,"column":42},"end":{"line":366,"column":null}},"line":357},"31":{"name":"(anonymous_31)","decl":{"start":{"line":369,"column":4},"end":{"line":369,"column":20}},"loc":{"start":{"line":369,"column":38},"end":{"line":371,"column":null}},"line":369},"32":{"name":"(anonymous_32)","decl":{"start":{"line":374,"column":4},"end":{"line":374,"column":null}},"loc":{"start":{"line":374,"column":4},"end":{"line":377,"column":null}},"line":374}},"branchMap":{"0":{"loc":{"start":{"line":40,"column":4},"end":{"line":53,"column":null}},"type":"if","locations":[{"start":{"line":40,"column":4},"end":{"line":53,"column":null}},{"start":{},"end":{}}],"line":40},"1":{"loc":{"start":{"line":57,"column":4},"end":{"line":57,"column":null}},"type":"if","locations":[{"start":{"line":57,"column":4},"end":{"line":57,"column":null}},{"start":{},"end":{}}],"line":57},"2":{"loc":{"start":{"line":62,"column":8},"end":{"line":81,"column":null}},"type":"if","locations":[{"start":{"line":62,"column":8},"end":{"line":81,"column":null}},{"start":{"line":79,"column":15},"end":{"line":81,"column":null}}],"line":62},"3":{"loc":{"start":{"line":94,"column":29},"end":{"line":94,"column":44}},"type":"default-arg","locations":[{"start":{"line":94,"column":42},"end":{"line":94,"column":44}}],"line":94},"4":{"loc":{"start":{"line":95,"column":4},"end":{"line":95,"column":null}},"type":"if","locations":[{"start":{"line":95,"column":4},"end":{"line":95,"column":null}},{"start":{},"end":{}}],"line":95},"5":{"loc":{"start":{"line":97,"column":4},"end":{"line":97,"column":null}},"type":"if","locations":[{"start":{"line":97,"column":4},"end":{"line":97,"column":null}},{"start":{},"end":{}}],"line":97},"6":{"loc":{"start":{"line":101,"column":20},"end":{"line":101,"column":null}},"type":"binary-expr","locations":[{"start":{"line":101,"column":20},"end":{"line":101,"column":54}},{"start":{"line":101,"column":54},"end":{"line":101,"column":null}}],"line":101},"7":{"loc":{"start":{"line":102,"column":19},"end":{"line":102,"column":null}},"type":"binary-expr","locations":[{"start":{"line":102,"column":19},"end":{"line":102,"column":52}},{"start":{"line":102,"column":52},"end":{"line":102,"column":null}}],"line":102},"8":{"loc":{"start":{"line":118,"column":4},"end":{"line":136,"column":null}},"type":"switch","locations":[{"start":{"line":119,"column":8},"end":{"line":121,"column":null}},{"start":{"line":122,"column":8},"end":{"line":124,"column":null}},{"start":{"line":125,"column":8},"end":{"line":127,"column":null}},{"start":{"line":128,"column":8},"end":{"line":135,"column":null}}],"line":118},"9":{"loc":{"start":{"line":141,"column":21},"end":{"line":141,"column":53}},"type":"cond-expr","locations":[{"start":{"line":141,"column":30},"end":{"line":141,"column":51}},{"start":{"line":141,"column":51},"end":{"line":141,"column":53}}],"line":141},"10":{"loc":{"start":{"line":153,"column":90},"end":{"line":153,"column":107}},"type":"default-arg","locations":[{"start":{"line":153,"column":105},"end":{"line":153,"column":107}}],"line":153},"11":{"loc":{"start":{"line":154,"column":4},"end":{"line":154,"column":null}},"type":"if","locations":[{"start":{"line":154,"column":4},"end":{"line":154,"column":null}},{"start":{},"end":{}}],"line":154},"12":{"loc":{"start":{"line":154,"column":8},"end":{"line":154,"column":68}},"type":"binary-expr","locations":[{"start":{"line":154,"column":8},"end":{"line":154,"column":23}},{"start":{"line":154,"column":27},"end":{"line":154,"column":53}},{"start":{"line":154,"column":53},"end":{"line":154,"column":68}}],"line":154},"13":{"loc":{"start":{"line":172,"column":30},"end":{"line":172,"column":null}},"type":"cond-expr","locations":[{"start":{"line":172,"column":59},"end":{"line":172,"column":77}},{"start":{"line":172,"column":80},"end":{"line":172,"column":null}}],"line":172},"14":{"loc":{"start":{"line":208,"column":74},"end":{"line":208,"column":91}},"type":"default-arg","locations":[{"start":{"line":208,"column":89},"end":{"line":208,"column":91}}],"line":208},"15":{"loc":{"start":{"line":215,"column":71},"end":{"line":215,"column":88}},"type":"default-arg","locations":[{"start":{"line":215,"column":86},"end":{"line":215,"column":88}}],"line":215},"16":{"loc":{"start":{"line":219,"column":92},"end":{"line":219,"column":109}},"type":"default-arg","locations":[{"start":{"line":219,"column":107},"end":{"line":219,"column":109}}],"line":219},"17":{"loc":{"start":{"line":231,"column":8},"end":{"line":233,"column":null}},"type":"if","locations":[{"start":{"line":231,"column":8},"end":{"line":233,"column":null}},{"start":{},"end":{}}],"line":231},"18":{"loc":{"start":{"line":250,"column":19},"end":{"line":250,"column":33}},"type":"default-arg","locations":[{"start":{"line":250,"column":31},"end":{"line":250,"column":33}}],"line":250},"19":{"loc":{"start":{"line":303,"column":8},"end":{"line":303,"column":null}},"type":"if","locations":[{"start":{"line":303,"column":8},"end":{"line":303,"column":null}},{"start":{},"end":{}}],"line":303},"20":{"loc":{"start":{"line":308,"column":8},"end":{"line":308,"column":null}},"type":"if","locations":[{"start":{"line":308,"column":8},"end":{"line":308,"column":null}},{"start":{},"end":{}}],"line":308},"21":{"loc":{"start":{"line":317,"column":25},"end":{"line":320,"column":null}},"type":"cond-expr","locations":[{"start":{"line":317,"column":55},"end":{"line":320,"column":16}},{"start":{"line":320,"column":16},"end":{"line":320,"column":null}}],"line":317},"22":{"loc":{"start":{"line":333,"column":30},"end":{"line":333,"column":null}},"type":"cond-expr","locations":[{"start":{"line":333,"column":45},"end":{"line":333,"column":84}},{"start":{"line":333,"column":84},"end":{"line":333,"column":null}}],"line":333},"23":{"loc":{"start":{"line":369,"column":20},"end":{"line":369,"column":38}},"type":"default-arg","locations":[{"start":{"line":369,"column":36},"end":{"line":369,"column":38}}],"line":369}},"s":{"0":1,"1":1,"2":1,"3":1,"4":1,"5":1,"6":1,"7":1,"8":1,"9":1,"10":1,"11":1,"12":1,"13":0,"14":1,"15":1,"16":1,"17":0,"18":0,"19":0,"20":0,"21":0,"22":1,"23":0,"24":1,"25":1,"26":1,"27":1,"28":2,"29":0,"30":2,"31":0,"32":2,"33":2,"34":2,"35":2,"36":2,"37":2,"38":0,"39":0,"40":0,"41":0,"42":0,"43":0,"44":2,"45":2,"46":2,"47":2,"48":2,"49":2,"50":2,"51":2,"52":2,"53":0,"54":1,"55":0,"56":0,"57":0,"58":0,"59":0,"60":0,"61":0,"62":0,"63":0,"64":0,"65":0,"66":0,"67":0,"68":0,"69":0,"70":1,"71":0,"72":0,"73":1,"74":0,"75":1,"76":0,"77":1,"78":0,"79":1,"80":0,"81":0,"82":0,"83":0,"84":0,"85":0,"86":0,"87":2,"88":0,"89":0,"90":0,"91":0,"92":0,"93":0,"94":0,"95":0,"96":0,"97":0,"98":0,"99":0,"100":0,"101":0,"102":0,"103":0,"104":0,"105":0,"106":0,"107":0,"108":0,"109":0,"110":0,"111":0,"112":2,"113":2,"114":2,"115":0,"116":0,"117":0},"f":{"0":1,"1":1,"2":0,"3":2,"4":0,"5":0,"6":0,"7":0,"8":0,"9":0,"10":0,"11":0,"12":0,"13":2,"14":0,"15":0,"16":0,"17":0,"18":0,"19":0,"20":0,"21":0,"22":0,"23":0,"24":0,"25":0,"26":0,"27":0,"28":0,"29":0,"30":2,"31":0,"32":0},"b":{"0":[1,0],"1":[0,1],"2":[0,1],"3":[2],"4":[0,2],"5":[0,2],"6":[2,2],"7":[2,2],"8":[0,0,0,2],"9":[0,2],"10":[0],"11":[0,0],"12":[0,0,0],"13":[0,0],"14":[0],"15":[0],"16":[0],"17":[0,0],"18":[2],"19":[0,0],"20":[0,0],"21":[0,0],"22":[0,0],"23":[0]},"meta":{"lastBranch":24,"lastFunction":33,"lastStatement":118,"seen":{"s:10:13:15:Infinity":0,"s:18:21:21:Infinity":1,"s:24:16:32:Infinity":2,"s:35:58:35:Infinity":3,"s:36:46:36:Infinity":4,"s:39:33:54:Infinity":5,"f:39:33:39:Infinity":0,"b:40:4:53:Infinity:undefined:undefined:undefined:undefined":0,"s:40:4:53:Infinity":6,"s:41:8:45:Infinity":7,"s:47:8:47:Infinity":8,"s:50:8:50:Infinity":9,"s:52:8:52:Infinity":10,"s:56:29:85:Infinity":11,"f:56:29:56:Infinity":1,"b:57:4:57:Infinity:undefined:undefined:undefined:undefined":1,"s:57:4:57:Infinity":12,"s:57:23:57:Infinity":13,"s:59:4:84:Infinity":14,"s:60:26:60:Infinity":15,"b:62:8:81:Infinity:79:15:81:Infinity":2,"s:62:8:81:Infinity":16,"s:63:12:63:Infinity":17,"s:66:12:72:Infinity":18,"f:66:37:66:Infinity":2,"s:67:16:71:Infinity":19,"s:75:26:77:Infinity":20,"s:78:12:78:Infinity":21,"s:80:12:80:Infinity":22,"s:83:8:83:Infinity":23,"s:88:0:88:Infinity":24,"s:89:0:89:Infinity":25,"s:92:19:92:Infinity":26,"s:94:12:150:Infinity":27,"f:94:12:94:13":3,"b:94:42:94:44":3,"b:95:4:95:Infinity:undefined:undefined:undefined:undefined":4,"s:95:4:95:Infinity":28,"s:95:25:95:Infinity":29,"b:97:4:97:Infinity:undefined:undefined:undefined:undefined":5,"s:97:4:97:Infinity":30,"s:97:57:97:Infinity":31,"s:100:17:100:23":32,"s:101:20:101:Infinity":33,"b:101:20:101:54:101:54:101:Infinity":6,"s:102:19:102:Infinity":34,"b:102:19:102:52:102:52:102:Infinity":7,"s:104:21:113:Infinity":35,"s:116:29:116:75":36,"b:119:8:121:Infinity:122:8:124:Infinity:125:8:127:Infinity:128:8:135:Infinity":8,"s:118:4:136:Infinity":37,"s:120:12:120:Infinity":38,"s:121:12:121:Infinity":39,"s:123:12:123:Infinity":40,"s:124:12:124:Infinity":41,"s:126:12:126:Infinity":42,"s:127:12:127:Infinity":43,"s:129:12:129:Infinity":44,"s:131:12:134:Infinity":45,"s:135:12:135:Infinity":46,"s:139:4:149:Infinity":47,"s:140:23:140:Infinity":48,"s:141:21:141:53":49,"b:141:30:141:51:141:51:141:53":9,"s:142:8:142:Infinity":50,"s:145:27:145:Infinity":51,"s:146:8:146:Infinity":52,"s:148:8:148:Infinity":53,"s:153:22:196:Infinity":54,"f:153:22:153:29":4,"b:153:105:153:107":10,"b:154:4:154:Infinity:undefined:undefined:undefined:undefined":11,"s:154:4:154:Infinity":55,"b:154:8:154:23:154:27:154:53:154:53:154:68":12,"s:154:68:154:Infinity":56,"s:156:4:195:Infinity":57,"s:157:39:165:Infinity":58,"s:168:28:168:Infinity":59,"s:171:32:171:Infinity":60,"s:172:30:172:Infinity":61,"b:172:59:172:77:172:80:172:Infinity":13,"s:173:8:173:Infinity":62,"s:176:8:176:Infinity":63,"s:179:8:182:Infinity":64,"s:184:8:184:Infinity":65,"s:187:22:189:Infinity":66,"s:190:8:190:Infinity":67,"s:193:8:193:Infinity":68,"s:194:8:194:Infinity":69,"s:198:26:206:Infinity":70,"f:198:26:198:27":5,"s:199:4:203:Infinity":71,"s:205:4:205:Infinity":72,"s:208:24:213:Infinity":73,"f:208:24:208:25":6,"b:208:89:208:91":14,"s:209:4:212:Infinity":74,"s:215:23:217:Infinity":75,"f:215:23:215:24":7,"b:215:86:215:88":15,"s:216:4:216:Infinity":76,"s:219:25:224:Infinity":77,"f:219:25:219:26":8,"b:219:107:219:109":16,"s:220:4:223:Infinity":78,"s:227:36:378:Infinity":79,"f:229:4:229:14":9,"s:230:8:230:Infinity":80,"b:231:8:233:Infinity:undefined:undefined:undefined:undefined":17,"s:231:8:233:Infinity":81,"s:232:12:232:Infinity":82,"s:234:8:234:Infinity":83,"f:238:4:238:10":10,"s:239:8:239:Infinity":84,"f:242:4:242:9":11,"s:243:8:243:Infinity":85,"f:246:4:246:9":12,"s:247:8:247:Infinity":86,"f:250:4:250:10":13,"b:250:31:250:33":18,"s:251:8:251:Infinity":87,"f:255:10:255:27":14,"s:256:8:259:Infinity":88,"f:262:10:262:27":15,"s:263:8:263:Infinity":89,"f:266:10:266:26":16,"s:267:8:267:Infinity":90,"f:270:10:270:22":17,"s:271:8:271:Infinity":91,"f:274:10:274:28":18,"s:275:8:278:Infinity":92,"f:281:10:281:28":19,"s:282:8:282:Infinity":93,"f:285:10:285:28":20,"s:286:8:286:Infinity":94,"f:289:10:289:27":21,"s:290:8:294:Infinity":95,"f:298:10:298:Infinity":22,"s:299:8:299:Infinity":96,"f:302:10:302:26":23,"b:303:8:303:Infinity:undefined:undefined:undefined:undefined":19,"s:303:8:303:Infinity":97,"s:303:27:303:Infinity":98,"s:304:8:304:Infinity":99,"f:307:10:307:27":24,"b:308:8:308:Infinity:undefined:undefined:undefined:undefined":20,"s:308:8:308:Infinity":100,"s:308:27:308:Infinity":101,"s:309:8:309:Infinity":102,"f:313:4:313:Infinity":25,"s:314:8:321:Infinity":103,"b:317:55:320:16:320:16:320:Infinity":21,"f:324:4:324:Infinity":26,"s:325:8:327:Infinity":104,"f:325:37:325:Infinity":27,"s:326:12:326:Infinity":105,"f:331:10:331:Infinity":28,"s:332:8:353:Infinity":106,"s:333:30:333:Infinity":107,"b:333:45:333:84:333:84:333:Infinity":22,"s:334:32:334:Infinity":108,"f:334:62:334:63":29,"s:334:76:334:92":109,"s:336:12:346:Infinity":110,"s:348:12:352:Infinity":111,"f:357:4:357:13":30,"s:358:24:358:86":112,"s:359:8:364:Infinity":113,"s:365:8:365:Infinity":114,"f:369:4:369:20":31,"b:369:36:369:38":23,"s:370:8:370:Infinity":115,"f:374:4:374:Infinity":32,"s:375:8:375:Infinity":116,"s:376:8:376:Infinity":117}}}
,"/Users/loweryr/git/github/rhlowery/unity-catalog-access-request-ui/src/services/UCIdentityService.ts": {"path":"/Users/loweryr/git/github/rhlowery/unity-catalog-access-request-ui/src/services/UCIdentityService.ts","statementMap":{"0":{"start":{"line":12,"column":17},"end":{"line":12,"column":null}},"1":{"start":{"line":15,"column":18},"end":{"line":15,"column":null}},"2":{"start":{"line":17,"column":31},"end":{"line":17,"column":null}},"3":{"start":{"line":17,"column":39},"end":{"line":17,"column":59}},"4":{"start":{"line":19,"column":26},"end":{"line":28,"column":null}},"5":{"start":{"line":20,"column":4},"end":{"line":20,"column":null}},"6":{"start":{"line":20,"column":23},"end":{"line":20,"column":null}},"7":{"start":{"line":23,"column":4},"end":{"line":25,"column":null}},"8":{"start":{"line":24,"column":8},"end":{"line":24,"column":null}},"9":{"start":{"line":27,"column":4},"end":{"line":27,"column":null}},"10":{"start":{"line":30,"column":27},"end":{"line":84,"column":null}},"11":{"start":{"line":34,"column":4},"end":{"line":34,"column":null}},"12":{"start":{"line":34,"column":21},"end":{"line":34,"column":null}},"13":{"start":{"line":37,"column":23},"end":{"line":37,"column":44}},"14":{"start":{"line":38,"column":4},"end":{"line":44,"column":null}},"15":{"start":{"line":39,"column":8},"end":{"line":42,"column":null}},"16":{"start":{"line":46,"column":4},"end":{"line":49,"column":null}},"17":{"start":{"line":47,"column":8},"end":{"line":47,"column":null}},"18":{"start":{"line":48,"column":8},"end":{"line":48,"column":null}},"19":{"start":{"line":51,"column":4},"end":{"line":83,"column":null}},"20":{"start":{"line":52,"column":8},"end":{"line":52,"column":null}},"21":{"start":{"line":53,"column":24},"end":{"line":53,"column":null}},"22":{"start":{"line":54,"column":21},"end":{"line":54,"column":46}},"23":{"start":{"line":57,"column":24},"end":{"line":57,"column":null}},"24":{"start":{"line":60,"column":25},"end":{"line":67,"column":null}},"25":{"start":{"line":69,"column":8},"end":{"line":73,"column":null}},"26":{"start":{"line":70,"column":30},"end":{"line":70,"column":null}},"27":{"start":{"line":70,"column":64},"end":{"line":70,"column":null}},"28":{"start":{"line":71,"column":12},"end":{"line":71,"column":null}},"29":{"start":{"line":72,"column":12},"end":{"line":72,"column":null}},"30":{"start":{"line":75,"column":21},"end":{"line":75,"column":null}},"31":{"start":{"line":77,"column":8},"end":{"line":77,"column":null}},"32":{"start":{"line":78,"column":8},"end":{"line":78,"column":null}},"33":{"start":{"line":79,"column":8},"end":{"line":79,"column":null}},"34":{"start":{"line":81,"column":8},"end":{"line":81,"column":null}},"35":{"start":{"line":82,"column":8},"end":{"line":82,"column":null}},"36":{"start":{"line":86,"column":33},"end":{"line":154,"column":null}},"37":{"start":{"line":87,"column":4},"end":{"line":153,"column":null}},"38":{"start":{"line":88,"column":23},"end":{"line":88,"column":null}},"39":{"start":{"line":91,"column":8},"end":{"line":91,"column":null}},"40":{"start":{"line":93,"column":24},"end":{"line":93,"column":null}},"41":{"start":{"line":96,"column":23},"end":{"line":96,"column":null}},"42":{"start":{"line":97,"column":8},"end":{"line":102,"column":null}},"43":{"start":{"line":98,"column":12},"end":{"line":100,"column":null}},"44":{"start":{"line":99,"column":16},"end":{"line":99,"column":null}},"45":{"start":{"line":101,"column":12},"end":{"line":101,"column":null}},"46":{"start":{"line":104,"column":8},"end":{"line":104,"column":null}},"47":{"start":{"line":106,"column":24},"end":{"line":106,"column":null}},"48":{"start":{"line":107,"column":25},"end":{"line":107,"column":46}},"49":{"start":{"line":109,"column":27},"end":{"line":109,"column":null}},"50":{"start":{"line":111,"column":45},"end":{"line":115,"column":null}},"51":{"start":{"line":118,"column":22},"end":{"line":118,"column":null}},"52":{"start":{"line":119,"column":23},"end":{"line":119,"column":null}},"53":{"start":{"line":120,"column":20},"end":{"line":120,"column":null}},"54":{"start":{"line":123,"column":32},"end":{"line":128,"column":null}},"55":{"start":{"line":123,"column":66},"end":{"line":128,"column":null}},"56":{"start":{"line":130,"column":33},"end":{"line":134,"column":null}},"57":{"start":{"line":130,"column":68},"end":{"line":134,"column":null}},"58":{"start":{"line":136,"column":30},"end":{"line":140,"column":null}},"59":{"start":{"line":136,"column":63},"end":{"line":140,"column":null}},"60":{"start":{"line":142,"column":8},"end":{"line":142,"column":null}},"61":{"start":{"line":144,"column":8},"end":{"line":148,"column":null}},"62":{"start":{"line":151,"column":8},"end":{"line":151,"column":null}},"63":{"start":{"line":152,"column":8},"end":{"line":152,"column":21}},"64":{"start":{"line":156,"column":31},"end":{"line":205,"column":null}},"65":{"start":{"line":157,"column":4},"end":{"line":204,"column":null}},"66":{"start":{"line":158,"column":23},"end":{"line":158,"column":null}},"67":{"start":{"line":159,"column":8},"end":{"line":159,"column":null}},"68":{"start":{"line":159,"column":45},"end":{"line":159,"column":null}},"69":{"start":{"line":160,"column":8},"end":{"line":163,"column":null}},"70":{"start":{"line":161,"column":12},"end":{"line":161,"column":null}},"71":{"start":{"line":162,"column":12},"end":{"line":162,"column":null}},"72":{"start":{"line":166,"column":8},"end":{"line":166,"column":null}},"73":{"start":{"line":168,"column":24},"end":{"line":168,"column":null}},"74":{"start":{"line":169,"column":30},"end":{"line":169,"column":55}},"75":{"start":{"line":171,"column":24},"end":{"line":171,"column":null}},"76":{"start":{"line":173,"column":30},"end":{"line":173,"column":99}},"77":{"start":{"line":175,"column":8},"end":{"line":175,"column":null}},"78":{"start":{"line":177,"column":20},"end":{"line":182,"column":null}},"79":{"start":{"line":183,"column":8},"end":{"line":187,"column":null}},"80":{"start":{"line":184,"column":30},"end":{"line":184,"column":null}},"81":{"start":{"line":184,"column":59},"end":{"line":184,"column":null}},"82":{"start":{"line":185,"column":12},"end":{"line":185,"column":null}},"83":{"start":{"line":186,"column":12},"end":{"line":186,"column":null}},"84":{"start":{"line":189,"column":21},"end":{"line":189,"column":null}},"85":{"start":{"line":190,"column":8},"end":{"line":190,"column":null}},"86":{"start":{"line":192,"column":24},"end":{"line":192,"column":null}},"87":{"start":{"line":193,"column":23},"end":{"line":193,"column":null}},"88":{"start":{"line":195,"column":8},"end":{"line":199,"column":null}},"89":{"start":{"line":195,"column":32},"end":{"line":199,"column":null}},"90":{"start":{"line":202,"column":8},"end":{"line":202,"column":null}},"91":{"start":{"line":203,"column":8},"end":{"line":203,"column":null}},"92":{"start":{"line":207,"column":29},"end":{"line":296,"column":null}},"93":{"start":{"line":208,"column":4},"end":{"line":295,"column":null}},"94":{"start":{"line":209,"column":23},"end":{"line":209,"column":null}},"95":{"start":{"line":212,"column":8},"end":{"line":212,"column":null}},"96":{"start":{"line":214,"column":30},"end":{"line":214,"column":60}},"97":{"start":{"line":215,"column":24},"end":{"line":215,"column":null}},"98":{"start":{"line":216,"column":24},"end":{"line":216,"column":43}},"99":{"start":{"line":217,"column":27},"end":{"line":219,"column":null}},"100":{"start":{"line":221,"column":8},"end":{"line":221,"column":null}},"101":{"start":{"line":224,"column":28},"end":{"line":230,"column":null}},"102":{"start":{"line":228,"column":12},"end":{"line":228,"column":null}},"103":{"start":{"line":229,"column":12},"end":{"line":229,"column":null}},"104":{"start":{"line":232,"column":8},"end":{"line":236,"column":null}},"105":{"start":{"line":233,"column":27},"end":{"line":233,"column":null}},"106":{"start":{"line":234,"column":12},"end":{"line":234,"column":null}},"107":{"start":{"line":235,"column":12},"end":{"line":235,"column":null}},"108":{"start":{"line":238,"column":29},"end":{"line":238,"column":null}},"109":{"start":{"line":239,"column":25},"end":{"line":239,"column":52}},"110":{"start":{"line":240,"column":8},"end":{"line":240,"column":null}},"111":{"start":{"line":243,"column":21},"end":{"line":289,"column":null}},"112":{"start":{"line":244,"column":28},"end":{"line":249,"column":null}},"113":{"start":{"line":252,"column":31},"end":{"line":255,"column":null}},"114":{"start":{"line":255,"column":27},"end":{"line":255,"column":null}},"115":{"start":{"line":256,"column":12},"end":{"line":287,"column":null}},"116":{"start":{"line":257,"column":36},"end":{"line":257,"column":null}},"117":{"start":{"line":258,"column":32},"end":{"line":258,"column":57}},"118":{"start":{"line":260,"column":16},"end":{"line":286,"column":null}},"119":{"start":{"line":261,"column":36},"end":{"line":267,"column":null}},"120":{"start":{"line":270,"column":38},"end":{"line":273,"column":null}},"121":{"start":{"line":273,"column":35},"end":{"line":273,"column":null}},"122":{"start":{"line":274,"column":20},"end":{"line":284,"column":null}},"123":{"start":{"line":275,"column":43},"end":{"line":275,"column":null}},"124":{"start":{"line":276,"column":39},"end":{"line":276,"column":62}},"125":{"start":{"line":277,"column":24},"end":{"line":283,"column":null}},"126":{"start":{"line":277,"column":62},"end":{"line":283,"column":null}},"127":{"start":{"line":285,"column":20},"end":{"line":285,"column":null}},"128":{"start":{"line":288,"column":12},"end":{"line":288,"column":null}},"129":{"start":{"line":291,"column":8},"end":{"line":291,"column":null}},"130":{"start":{"line":293,"column":8},"end":{"line":293,"column":null}},"131":{"start":{"line":294,"column":8},"end":{"line":294,"column":null}}},"fnMap":{"0":{"name":"(anonymous_0)","decl":{"start":{"line":17,"column":31},"end":{"line":17,"column":39}},"loc":{"start":{"line":17,"column":31},"end":{"line":17,"column":null}},"line":17},"1":{"name":"(anonymous_1)","decl":{"start":{"line":19,"column":26},"end":{"line":19,"column":27}},"loc":{"start":{"line":19,"column":27},"end":{"line":28,"column":null}},"line":19},"2":{"name":"(anonymous_2)","decl":{"start":{"line":30,"column":27},"end":{"line":30,"column":34}},"loc":{"start":{"line":30,"column":34},"end":{"line":84,"column":null}},"line":30},"3":{"name":"(anonymous_3)","decl":{"start":{"line":70,"column":58},"end":{"line":70,"column":64}},"loc":{"start":{"line":70,"column":64},"end":{"line":70,"column":null}},"line":70},"4":{"name":"(anonymous_4)","decl":{"start":{"line":86,"column":33},"end":{"line":86,"column":null}},"loc":{"start":{"line":86,"column":33},"end":{"line":154,"column":null}},"line":86},"5":{"name":"(anonymous_5)","decl":{"start":{"line":123,"column":60},"end":{"line":123,"column":66}},"loc":{"start":{"line":123,"column":66},"end":{"line":128,"column":null}},"line":123},"6":{"name":"(anonymous_6)","decl":{"start":{"line":130,"column":62},"end":{"line":130,"column":68}},"loc":{"start":{"line":130,"column":68},"end":{"line":134,"column":null}},"line":130},"7":{"name":"(anonymous_7)","decl":{"start":{"line":136,"column":56},"end":{"line":136,"column":63}},"loc":{"start":{"line":136,"column":63},"end":{"line":140,"column":null}},"line":136},"8":{"name":"(anonymous_8)","decl":{"start":{"line":156,"column":31},"end":{"line":156,"column":null}},"loc":{"start":{"line":156,"column":31},"end":{"line":205,"column":null}},"line":156},"9":{"name":"(anonymous_9)","decl":{"start":{"line":184,"column":53},"end":{"line":184,"column":59}},"loc":{"start":{"line":184,"column":59},"end":{"line":184,"column":null}},"line":184},"10":{"name":"(anonymous_10)","decl":{"start":{"line":195,"column":25},"end":{"line":195,"column":32}},"loc":{"start":{"line":195,"column":32},"end":{"line":199,"column":null}},"line":195},"11":{"name":"(anonymous_11)","decl":{"start":{"line":207,"column":29},"end":{"line":207,"column":36}},"loc":{"start":{"line":207,"column":36},"end":{"line":296,"column":null}},"line":207},"12":{"name":"(anonymous_12)","decl":{"start":{"line":227,"column":17},"end":{"line":227,"column":null}},"loc":{"start":{"line":227,"column":17},"end":{"line":230,"column":null}},"line":227},"13":{"name":"(anonymous_13)","decl":{"start":{"line":243,"column":52},"end":{"line":243,"column":59}},"loc":{"start":{"line":243,"column":59},"end":{"line":289,"column":null}},"line":243},"14":{"name":"(anonymous_14)","decl":{"start":{"line":255,"column":21},"end":{"line":255,"column":27}},"loc":{"start":{"line":255,"column":27},"end":{"line":255,"column":null}},"line":255},"15":{"name":"(anonymous_15)","decl":{"start":{"line":260,"column":65},"end":{"line":260,"column":72}},"loc":{"start":{"line":260,"column":72},"end":{"line":286,"column":null}},"line":260},"16":{"name":"(anonymous_16)","decl":{"start":{"line":273,"column":29},"end":{"line":273,"column":35}},"loc":{"start":{"line":273,"column":35},"end":{"line":273,"column":null}},"line":273},"17":{"name":"(anonymous_17)","decl":{"start":{"line":277,"column":54},"end":{"line":277,"column":62}},"loc":{"start":{"line":277,"column":62},"end":{"line":283,"column":null}},"line":277}},"branchMap":{"0":{"loc":{"start":{"line":20,"column":4},"end":{"line":20,"column":null}},"type":"if","locations":[{"start":{"line":20,"column":4},"end":{"line":20,"column":null}},{"start":{},"end":{}}],"line":20},"1":{"loc":{"start":{"line":20,"column":30},"end":{"line":20,"column":107}},"type":"cond-expr","locations":[{"start":{"line":20,"column":65},"end":{"line":20,"column":78}},{"start":{"line":20,"column":81},"end":{"line":20,"column":107}}],"line":20},"2":{"loc":{"start":{"line":23,"column":4},"end":{"line":25,"column":null}},"type":"if","locations":[{"start":{"line":23,"column":4},"end":{"line":25,"column":null}},{"start":{},"end":{}}],"line":23},"3":{"loc":{"start":{"line":34,"column":4},"end":{"line":34,"column":null}},"type":"if","locations":[{"start":{"line":34,"column":4},"end":{"line":34,"column":null}},{"start":{},"end":{}}],"line":34},"4":{"loc":{"start":{"line":38,"column":4},"end":{"line":44,"column":null}},"type":"if","locations":[{"start":{"line":38,"column":4},"end":{"line":44,"column":null}},{"start":{},"end":{}}],"line":38},"5":{"loc":{"start":{"line":46,"column":4},"end":{"line":49,"column":null}},"type":"if","locations":[{"start":{"line":46,"column":4},"end":{"line":49,"column":null}},{"start":{},"end":{}}],"line":46},"6":{"loc":{"start":{"line":46,"column":8},"end":{"line":46,"column":45}},"type":"binary-expr","locations":[{"start":{"line":46,"column":8},"end":{"line":46,"column":26}},{"start":{"line":46,"column":30},"end":{"line":46,"column":45}}],"line":46},"7":{"loc":{"start":{"line":57,"column":24},"end":{"line":57,"column":null}},"type":"binary-expr","locations":[{"start":{"line":57,"column":24},"end":{"line":57,"column":52}},{"start":{"line":57,"column":56},"end":{"line":57,"column":null}}],"line":57},"8":{"loc":{"start":{"line":69,"column":8},"end":{"line":73,"column":null}},"type":"if","locations":[{"start":{"line":69,"column":8},"end":{"line":73,"column":null}},{"start":{},"end":{}}],"line":69},"9":{"loc":{"start":{"line":97,"column":8},"end":{"line":102,"column":null}},"type":"if","locations":[{"start":{"line":97,"column":8},"end":{"line":102,"column":null}},{"start":{},"end":{}}],"line":97},"10":{"loc":{"start":{"line":98,"column":12},"end":{"line":100,"column":null}},"type":"if","locations":[{"start":{"line":98,"column":12},"end":{"line":100,"column":null}},{"start":{},"end":{}}],"line":98},"11":{"loc":{"start":{"line":106,"column":24},"end":{"line":106,"column":null}},"type":"binary-expr","locations":[{"start":{"line":106,"column":24},"end":{"line":106,"column":52}},{"start":{"line":106,"column":56},"end":{"line":106,"column":null}}],"line":106},"12":{"loc":{"start":{"line":118,"column":22},"end":{"line":118,"column":null}},"type":"cond-expr","locations":[{"start":{"line":118,"column":56},"end":{"line":118,"column":86}},{"start":{"line":118,"column":86},"end":{"line":118,"column":null}}],"line":118},"13":{"loc":{"start":{"line":119,"column":23},"end":{"line":119,"column":null}},"type":"cond-expr","locations":[{"start":{"line":119,"column":58},"end":{"line":119,"column":89}},{"start":{"line":119,"column":89},"end":{"line":119,"column":null}}],"line":119},"14":{"loc":{"start":{"line":120,"column":20},"end":{"line":120,"column":null}},"type":"cond-expr","locations":[{"start":{"line":120,"column":51},"end":{"line":120,"column":78}},{"start":{"line":120,"column":78},"end":{"line":120,"column":null}}],"line":120},"15":{"loc":{"start":{"line":123,"column":33},"end":{"line":123,"column":53}},"type":"binary-expr","locations":[{"start":{"line":123,"column":33},"end":{"line":123,"column":48}},{"start":{"line":123,"column":52},"end":{"line":123,"column":53}}],"line":123},"16":{"loc":{"start":{"line":125,"column":18},"end":{"line":125,"column":45}},"type":"binary-expr","locations":[{"start":{"line":125,"column":18},"end":{"line":125,"column":28}},{"start":{"line":125,"column":32},"end":{"line":125,"column":45}}],"line":125},"17":{"loc":{"start":{"line":130,"column":34},"end":{"line":130,"column":55}},"type":"binary-expr","locations":[{"start":{"line":130,"column":34},"end":{"line":130,"column":50}},{"start":{"line":130,"column":54},"end":{"line":130,"column":55}}],"line":130},"18":{"loc":{"start":{"line":136,"column":31},"end":{"line":136,"column":49}},"type":"binary-expr","locations":[{"start":{"line":136,"column":31},"end":{"line":136,"column":44}},{"start":{"line":136,"column":48},"end":{"line":136,"column":49}}],"line":136},"19":{"loc":{"start":{"line":138,"column":18},"end":{"line":138,"column":52}},"type":"binary-expr","locations":[{"start":{"line":138,"column":18},"end":{"line":138,"column":32}},{"start":{"line":138,"column":36},"end":{"line":138,"column":52}}],"line":138},"20":{"loc":{"start":{"line":159,"column":8},"end":{"line":159,"column":null}},"type":"if","locations":[{"start":{"line":159,"column":8},"end":{"line":159,"column":null}},{"start":{},"end":{}}],"line":159},"21":{"loc":{"start":{"line":160,"column":8},"end":{"line":163,"column":null}},"type":"if","locations":[{"start":{"line":160,"column":8},"end":{"line":163,"column":null}},{"start":{},"end":{}}],"line":160},"22":{"loc":{"start":{"line":171,"column":24},"end":{"line":171,"column":null}},"type":"binary-expr","locations":[{"start":{"line":171,"column":24},"end":{"line":171,"column":52}},{"start":{"line":171,"column":56},"end":{"line":171,"column":null}}],"line":171},"23":{"loc":{"start":{"line":183,"column":8},"end":{"line":187,"column":null}},"type":"if","locations":[{"start":{"line":183,"column":8},"end":{"line":187,"column":null}},{"start":{},"end":{}}],"line":183},"24":{"loc":{"start":{"line":190,"column":64},"end":{"line":190,"column":81}},"type":"binary-expr","locations":[{"start":{"line":190,"column":64},"end":{"line":190,"column":75}},{"start":{"line":190,"column":79},"end":{"line":190,"column":81}}],"line":190},"25":{"loc":{"start":{"line":215,"column":24},"end":{"line":215,"column":null}},"type":"binary-expr","locations":[{"start":{"line":215,"column":24},"end":{"line":215,"column":52}},{"start":{"line":215,"column":56},"end":{"line":215,"column":null}}],"line":215},"26":{"loc":{"start":{"line":232,"column":8},"end":{"line":236,"column":null}},"type":"if","locations":[{"start":{"line":232,"column":8},"end":{"line":236,"column":null}},{"start":{},"end":{}}],"line":232},"27":{"loc":{"start":{"line":232,"column":12},"end":{"line":232,"column":43}},"type":"binary-expr","locations":[{"start":{"line":232,"column":12},"end":{"line":232,"column":28}},{"start":{"line":232,"column":28},"end":{"line":232,"column":43}}],"line":232},"28":{"loc":{"start":{"line":233,"column":27},"end":{"line":233,"column":null}},"type":"cond-expr","locations":[{"start":{"line":233,"column":41},"end":{"line":233,"column":90}},{"start":{"line":233,"column":93},"end":{"line":233,"column":null}}],"line":233},"29":{"loc":{"start":{"line":239,"column":25},"end":{"line":239,"column":52}},"type":"binary-expr","locations":[{"start":{"line":239,"column":25},"end":{"line":239,"column":46}},{"start":{"line":239,"column":50},"end":{"line":239,"column":52}}],"line":239},"30":{"loc":{"start":{"line":256,"column":12},"end":{"line":287,"column":null}},"type":"if","locations":[{"start":{"line":256,"column":12},"end":{"line":287,"column":null}},{"start":{},"end":{}}],"line":256},"31":{"loc":{"start":{"line":256,"column":16},"end":{"line":256,"column":43}},"type":"binary-expr","locations":[{"start":{"line":256,"column":16},"end":{"line":256,"column":30}},{"start":{"line":256,"column":30},"end":{"line":256,"column":43}}],"line":256},"32":{"loc":{"start":{"line":258,"column":32},"end":{"line":258,"column":57}},"type":"binary-expr","locations":[{"start":{"line":258,"column":32},"end":{"line":258,"column":51}},{"start":{"line":258,"column":55},"end":{"line":258,"column":57}}],"line":258},"33":{"loc":{"start":{"line":274,"column":20},"end":{"line":284,"column":null}},"type":"if","locations":[{"start":{"line":274,"column":20},"end":{"line":284,"column":null}},{"start":{},"end":{}}],"line":274},"34":{"loc":{"start":{"line":274,"column":24},"end":{"line":274,"column":49}},"type":"binary-expr","locations":[{"start":{"line":274,"column":24},"end":{"line":274,"column":37}},{"start":{"line":274,"column":37},"end":{"line":274,"column":49}}],"line":274},"35":{"loc":{"start":{"line":276,"column":39},"end":{"line":276,"column":62}},"type":"binary-expr","locations":[{"start":{"line":276,"column":39},"end":{"line":276,"column":56}},{"start":{"line":276,"column":60},"end":{"line":276,"column":62}}],"line":276},"36":{"loc":{"start":{"line":280,"column":34},"end":{"line":280,"column":null}},"type":"cond-expr","locations":[{"start":{"line":280,"column":62},"end":{"line":280,"column":71}},{"start":{"line":280,"column":71},"end":{"line":280,"column":null}}],"line":280}},"s":{"0":1,"1":1,"2":1,"3":0,"4":1,"5":0,"6":0,"7":0,"8":0,"9":0,"10":1,"11":0,"12":0,"13":0,"14":0,"15":0,"16":0,"17":0,"18":0,"19":0,"20":0,"21":0,"22":0,"23":0,"24":0,"25":0,"26":0,"27":0,"28":0,"29":0,"30":0,"31":0,"32":0,"33":0,"34":0,"35":0,"36":1,"37":0,"38":0,"39":0,"40":0,"41":0,"42":0,"43":0,"44":0,"45":0,"46":0,"47":0,"48":0,"49":0,"50":0,"51":0,"52":0,"53":0,"54":0,"55":0,"56":0,"57":0,"58":0,"59":0,"60":0,"61":0,"62":0,"63":0,"64":1,"65":0,"66":0,"67":0,"68":0,"69":0,"70":0,"71":0,"72":0,"73":0,"74":0,"75":0,"76":0,"77":0,"78":0,"79":0,"80":0,"81":0,"82":0,"83":0,"84":0,"85":0,"86":0,"87":0,"88":0,"89":0,"90":0,"91":0,"92":1,"93":0,"94":0,"95":0,"96":0,"97":0,"98":0,"99":0,"100":0,"101":0,"102":0,"103":0,"104":0,"105":0,"106":0,"107":0,"108":0,"109":0,"110":0,"111":0,"112":0,"113":0,"114":0,"115":0,"116":0,"117":0,"118":0,"119":0,"120":0,"121":0,"122":0,"123":0,"124":0,"125":0,"126":0,"127":0,"128":0,"129":0,"130":0,"131":0},"f":{"0":0,"1":0,"2":0,"3":0,"4":0,"5":0,"6":0,"7":0,"8":0,"9":0,"10":0,"11":0,"12":0,"13":0,"14":0,"15":0,"16":0,"17":0},"b":{"0":[0,0],"1":[0,0],"2":[0,0],"3":[0,0],"4":[0,0],"5":[0,0],"6":[0,0],"7":[0,0],"8":[0,0],"9":[0,0],"10":[0,0],"11":[0,0],"12":[0,0],"13":[0,0],"14":[0,0],"15":[0,0],"16":[0,0],"17":[0,0],"18":[0,0],"19":[0,0],"20":[0,0],"21":[0,0],"22":[0,0],"23":[0,0],"24":[0,0],"25":[0,0],"26":[0,0],"27":[0,0],"28":[0,0],"29":[0,0],"30":[0,0],"31":[0,0],"32":[0,0],"33":[0,0],"34":[0,0],"35":[0,0],"36":[0,0]},"meta":{"lastBranch":37,"lastFunction":18,"lastStatement":132,"seen":{"s:12:17:12:Infinity":0,"s:15:18:15:Infinity":1,"s:17:31:17:Infinity":2,"f:17:31:17:39":0,"s:17:39:17:59":3,"s:19:26:28:Infinity":4,"f:19:26:19:27":1,"b:20:4:20:Infinity:undefined:undefined:undefined:undefined":0,"s:20:4:20:Infinity":5,"s:20:23:20:Infinity":6,"b:20:65:20:78:20:81:20:107":1,"b:23:4:25:Infinity:undefined:undefined:undefined:undefined":2,"s:23:4:25:Infinity":7,"s:24:8:24:Infinity":8,"s:27:4:27:Infinity":9,"s:30:27:84:Infinity":10,"f:30:27:30:34":2,"b:34:4:34:Infinity:undefined:undefined:undefined:undefined":3,"s:34:4:34:Infinity":11,"s:34:21:34:Infinity":12,"s:37:23:37:44":13,"b:38:4:44:Infinity:undefined:undefined:undefined:undefined":4,"s:38:4:44:Infinity":14,"s:39:8:42:Infinity":15,"b:46:4:49:Infinity:undefined:undefined:undefined:undefined":5,"s:46:4:49:Infinity":16,"b:46:8:46:26:46:30:46:45":6,"s:47:8:47:Infinity":17,"s:48:8:48:Infinity":18,"s:51:4:83:Infinity":19,"s:52:8:52:Infinity":20,"s:53:24:53:Infinity":21,"s:54:21:54:46":22,"s:57:24:57:Infinity":23,"b:57:24:57:52:57:56:57:Infinity":7,"s:60:25:67:Infinity":24,"b:69:8:73:Infinity:undefined:undefined:undefined:undefined":8,"s:69:8:73:Infinity":25,"s:70:30:70:Infinity":26,"f:70:58:70:64":3,"s:70:64:70:Infinity":27,"s:71:12:71:Infinity":28,"s:72:12:72:Infinity":29,"s:75:21:75:Infinity":30,"s:77:8:77:Infinity":31,"s:78:8:78:Infinity":32,"s:79:8:79:Infinity":33,"s:81:8:81:Infinity":34,"s:82:8:82:Infinity":35,"s:86:33:154:Infinity":36,"f:86:33:86:Infinity":4,"s:87:4:153:Infinity":37,"s:88:23:88:Infinity":38,"s:91:8:91:Infinity":39,"s:93:24:93:Infinity":40,"s:96:23:96:Infinity":41,"b:97:8:102:Infinity:undefined:undefined:undefined:undefined":9,"s:97:8:102:Infinity":42,"b:98:12:100:Infinity:undefined:undefined:undefined:undefined":10,"s:98:12:100:Infinity":43,"s:99:16:99:Infinity":44,"s:101:12:101:Infinity":45,"s:104:8:104:Infinity":46,"s:106:24:106:Infinity":47,"b:106:24:106:52:106:56:106:Infinity":11,"s:107:25:107:46":48,"s:109:27:109:Infinity":49,"s:111:45:115:Infinity":50,"s:118:22:118:Infinity":51,"b:118:56:118:86:118:86:118:Infinity":12,"s:119:23:119:Infinity":52,"b:119:58:119:89:119:89:119:Infinity":13,"s:120:20:120:Infinity":53,"b:120:51:120:78:120:78:120:Infinity":14,"s:123:32:128:Infinity":54,"b:123:33:123:48:123:52:123:53":15,"f:123:60:123:66":5,"s:123:66:128:Infinity":55,"b:125:18:125:28:125:32:125:45":16,"s:130:33:134:Infinity":56,"b:130:34:130:50:130:54:130:55":17,"f:130:62:130:68":6,"s:130:68:134:Infinity":57,"s:136:30:140:Infinity":58,"b:136:31:136:44:136:48:136:49":18,"f:136:56:136:63":7,"s:136:63:140:Infinity":59,"b:138:18:138:32:138:36:138:52":19,"s:142:8:142:Infinity":60,"s:144:8:148:Infinity":61,"s:151:8:151:Infinity":62,"s:152:8:152:21":63,"s:156:31:205:Infinity":64,"f:156:31:156:Infinity":8,"s:157:4:204:Infinity":65,"s:158:23:158:Infinity":66,"b:159:8:159:Infinity:undefined:undefined:undefined:undefined":20,"s:159:8:159:Infinity":67,"s:159:45:159:Infinity":68,"b:160:8:163:Infinity:undefined:undefined:undefined:undefined":21,"s:160:8:163:Infinity":69,"s:161:12:161:Infinity":70,"s:162:12:162:Infinity":71,"s:166:8:166:Infinity":72,"s:168:24:168:Infinity":73,"s:169:30:169:55":74,"s:171:24:171:Infinity":75,"b:171:24:171:52:171:56:171:Infinity":22,"s:173:30:173:99":76,"s:175:8:175:Infinity":77,"s:177:20:182:Infinity":78,"b:183:8:187:Infinity:undefined:undefined:undefined:undefined":23,"s:183:8:187:Infinity":79,"s:184:30:184:Infinity":80,"f:184:53:184:59":9,"s:184:59:184:Infinity":81,"s:185:12:185:Infinity":82,"s:186:12:186:Infinity":83,"s:189:21:189:Infinity":84,"s:190:8:190:Infinity":85,"b:190:64:190:75:190:79:190:81":24,"s:192:24:192:Infinity":86,"s:193:23:193:Infinity":87,"s:195:8:199:Infinity":88,"f:195:25:195:32":10,"s:195:32:199:Infinity":89,"s:202:8:202:Infinity":90,"s:203:8:203:Infinity":91,"s:207:29:296:Infinity":92,"f:207:29:207:36":11,"s:208:4:295:Infinity":93,"s:209:23:209:Infinity":94,"s:212:8:212:Infinity":95,"s:214:30:214:60":96,"s:215:24:215:Infinity":97,"b:215:24:215:52:215:56:215:Infinity":25,"s:216:24:216:43":98,"s:217:27:219:Infinity":99,"s:221:8:221:Infinity":100,"s:224:28:230:Infinity":101,"f:227:17:227:Infinity":12,"s:228:12:228:Infinity":102,"s:229:12:229:Infinity":103,"b:232:8:236:Infinity:undefined:undefined:undefined:undefined":26,"s:232:8:236:Infinity":104,"b:232:12:232:28:232:28:232:43":27,"s:233:27:233:Infinity":105,"b:233:41:233:90:233:93:233:Infinity":28,"s:234:12:234:Infinity":106,"s:235:12:235:Infinity":107,"s:238:29:238:Infinity":108,"s:239:25:239:52":109,"b:239:25:239:46:239:50:239:52":29,"s:240:8:240:Infinity":110,"s:243:21:289:Infinity":111,"f:243:52:243:59":13,"s:244:28:249:Infinity":112,"s:252:31:255:Infinity":113,"f:255:21:255:27":14,"s:255:27:255:Infinity":114,"b:256:12:287:Infinity:undefined:undefined:undefined:undefined":30,"s:256:12:287:Infinity":115,"b:256:16:256:30:256:30:256:43":31,"s:257:36:257:Infinity":116,"s:258:32:258:57":117,"b:258:32:258:51:258:55:258:57":32,"s:260:16:286:Infinity":118,"f:260:65:260:72":15,"s:261:36:267:Infinity":119,"s:270:38:273:Infinity":120,"f:273:29:273:35":16,"s:273:35:273:Infinity":121,"b:274:20:284:Infinity:undefined:undefined:undefined:undefined":33,"s:274:20:284:Infinity":122,"b:274:24:274:37:274:37:274:49":34,"s:275:43:275:Infinity":123,"s:276:39:276:62":124,"b:276:39:276:56:276:60:276:62":35,"s:277:24:283:Infinity":125,"f:277:54:277:62":17,"s:277:62:283:Infinity":126,"b:280:62:280:71:280:71:280:Infinity":36,"s:285:20:285:Infinity":127,"s:288:12:288:Infinity":128,"s:291:8:291:Infinity":129,"s:293:8:293:Infinity":130,"s:294:8:294:Infinity":131}}}
,"/Users/loweryr/git/github/rhlowery/unity-catalog-access-request-ui/src/services/VaultService.ts": {"path":"/Users/loweryr/git/github/rhlowery/unity-catalog-access-request-ui/src/services/VaultService.ts","statementMap":{"0":{"start":{"line":11,"column":28},"end":{"line":77,"column":null}},"1":{"start":{"line":18,"column":23},"end":{"line":18,"column":null}},"2":{"start":{"line":19,"column":57},"end":{"line":19,"column":null}},"3":{"start":{"line":21,"column":8},"end":{"line":24,"column":null}},"4":{"start":{"line":22,"column":12},"end":{"line":22,"column":null}},"5":{"start":{"line":23,"column":12},"end":{"line":23,"column":null}},"6":{"start":{"line":26,"column":8},"end":{"line":75,"column":null}},"7":{"start":{"line":27,"column":12},"end":{"line":27,"column":null}},"8":{"start":{"line":30,"column":52},"end":{"line":33,"column":null}},"9":{"start":{"line":34,"column":12},"end":{"line":36,"column":null}},"10":{"start":{"line":35,"column":16},"end":{"line":35,"column":null}},"11":{"start":{"line":42,"column":24},"end":{"line":42,"column":90}},"12":{"start":{"line":48,"column":29},"end":{"line":48,"column":null}},"13":{"start":{"line":50,"column":12},"end":{"line":52,"column":null}},"14":{"start":{"line":51,"column":16},"end":{"line":51,"column":null}},"15":{"start":{"line":54,"column":25},"end":{"line":54,"column":null}},"16":{"start":{"line":59,"column":29},"end":{"line":59,"column":38}},"17":{"start":{"line":60,"column":12},"end":{"line":63,"column":null}},"18":{"start":{"line":62,"column":16},"end":{"line":62,"column":null}},"19":{"start":{"line":65,"column":12},"end":{"line":70,"column":null}},"20":{"start":{"line":66,"column":16},"end":{"line":66,"column":null}},"21":{"start":{"line":68,"column":16},"end":{"line":68,"column":null}},"22":{"start":{"line":69,"column":16},"end":{"line":69,"column":null}},"23":{"start":{"line":73,"column":12},"end":{"line":73,"column":null}},"24":{"start":{"line":74,"column":12},"end":{"line":74,"column":null}}},"fnMap":{"0":{"name":"(anonymous_0)","decl":{"start":{"line":17,"column":10},"end":{"line":17,"column":22}},"loc":{"start":{"line":17,"column":51},"end":{"line":76,"column":null}},"line":17}},"branchMap":{"0":{"loc":{"start":{"line":21,"column":8},"end":{"line":24,"column":null}},"type":"if","locations":[{"start":{"line":21,"column":8},"end":{"line":24,"column":null}},{"start":{},"end":{}}],"line":21},"1":{"loc":{"start":{"line":21,"column":12},"end":{"line":21,"column":38}},"type":"binary-expr","locations":[{"start":{"line":21,"column":12},"end":{"line":21,"column":25}},{"start":{"line":21,"column":25},"end":{"line":21,"column":38}}],"line":21},"2":{"loc":{"start":{"line":34,"column":12},"end":{"line":36,"column":null}},"type":"if","locations":[{"start":{"line":34,"column":12},"end":{"line":36,"column":null}},{"start":{},"end":{}}],"line":34},"3":{"loc":{"start":{"line":50,"column":12},"end":{"line":52,"column":null}},"type":"if","locations":[{"start":{"line":50,"column":12},"end":{"line":52,"column":null}},{"start":{},"end":{}}],"line":50},"4":{"loc":{"start":{"line":60,"column":12},"end":{"line":63,"column":null}},"type":"if","locations":[{"start":{"line":60,"column":12},"end":{"line":63,"column":null}},{"start":{},"end":{}}],"line":60},"5":{"loc":{"start":{"line":60,"column":16},"end":{"line":60,"column":43}},"type":"binary-expr","locations":[{"start":{"line":60,"column":16},"end":{"line":60,"column":25}},{"start":{"line":60,"column":29},"end":{"line":60,"column":43}}],"line":60},"6":{"loc":{"start":{"line":65,"column":12},"end":{"line":70,"column":null}},"type":"if","locations":[{"start":{"line":65,"column":12},"end":{"line":70,"column":null}},{"start":{"line":67,"column":19},"end":{"line":70,"column":null}}],"line":65},"7":{"loc":{"start":{"line":65,"column":16},"end":{"line":65,"column":45}},"type":"binary-expr","locations":[{"start":{"line":65,"column":16},"end":{"line":65,"column":30}},{"start":{"line":65,"column":30},"end":{"line":65,"column":45}}],"line":65}},"s":{"0":2,"1":0,"2":0,"3":0,"4":0,"5":0,"6":0,"7":0,"8":0,"9":0,"10":0,"11":0,"12":0,"13":0,"14":0,"15":0,"16":0,"17":0,"18":0,"19":0,"20":0,"21":0,"22":0,"23":0,"24":0},"f":{"0":0},"b":{"0":[0,0],"1":[0,0],"2":[0,0],"3":[0,0],"4":[0,0],"5":[0,0],"6":[0,0],"7":[0,0]},"meta":{"lastBranch":8,"lastFunction":1,"lastStatement":25,"seen":{"s:11:28:77:Infinity":0,"f:17:10:17:22":0,"s:18:23:18:Infinity":1,"s:19:57:19:Infinity":2,"b:21:8:24:Infinity:undefined:undefined:undefined:undefined":0,"s:21:8:24:Infinity":3,"b:21:12:21:25:21:25:21:38":1,"s:22:12:22:Infinity":4,"s:23:12:23:Infinity":5,"s:26:8:75:Infinity":6,"s:27:12:27:Infinity":7,"s:30:52:33:Infinity":8,"b:34:12:36:Infinity:undefined:undefined:undefined:undefined":2,"s:34:12:36:Infinity":9,"s:35:16:35:Infinity":10,"s:42:24:42:90":11,"s:48:29:48:Infinity":12,"b:50:12:52:Infinity:undefined:undefined:undefined:undefined":3,"s:50:12:52:Infinity":13,"s:51:16:51:Infinity":14,"s:54:25:54:Infinity":15,"s:59:29:59:38":16,"b:60:12:63:Infinity:undefined:undefined:undefined:undefined":4,"s:60:12:63:Infinity":17,"b:60:16:60:25:60:29:60:43":5,"s:62:16:62:Infinity":18,"b:65:12:70:Infinity:67:19:70:Infinity":6,"s:65:12:70:Infinity":19,"b:65:16:65:30:65:30:65:45":7,"s:66:16:66:Infinity":20,"s:68:16:68:Infinity":21,"s:69:16:69:Infinity":22,"s:73:12:73:Infinity":23,"s:74:12:74:Infinity":24}}}
,"/Users/loweryr/git/github/rhlowery/unity-catalog-access-request-ui/src/services/mockData.ts": {"path":"/Users/loweryr/git/github/rhlowery/unity-catalog-access-request-ui/src/services/mockData.ts","statementMap":{"0":{"start":{"line":4,"column":29},"end":{"line":308,"column":null}},"1":{"start":{"line":310,"column":26},"end":{"line":351,"column":null}},"2":{"start":{"line":353,"column":31},"end":{"line":375,"column":null}},"3":{"start":{"line":377,"column":27},"end":{"line":380,"column":null}},"4":{"start":{"line":386,"column":22},"end":{"line":388,"column":null}},"5":{"start":{"line":387,"column":4},"end":{"line":387,"column":null}},"6":{"start":{"line":389,"column":22},"end":{"line":391,"column":null}},"7":{"start":{"line":390,"column":4},"end":{"line":390,"column":null}},"8":{"start":{"line":394,"column":30},"end":{"line":405,"column":null}},"9":{"start":{"line":407,"column":32},"end":{"line":417,"column":null}},"10":{"start":{"line":419,"column":27},"end":{"line":433,"column":null}},"11":{"start":{"line":420,"column":19},"end":{"line":420,"column":null}},"12":{"start":{"line":423,"column":4},"end":{"line":423,"column":null}},"13":{"start":{"line":423,"column":33},"end":{"line":423,"column":null}},"14":{"start":{"line":425,"column":4},"end":{"line":429,"column":null}},"15":{"start":{"line":426,"column":8},"end":{"line":426,"column":null}},"16":{"start":{"line":427,"column":11},"end":{"line":429,"column":null}},"17":{"start":{"line":428,"column":8},"end":{"line":428,"column":null}},"18":{"start":{"line":432,"column":4},"end":{"line":432,"column":null}},"19":{"start":{"line":437,"column":29},"end":{"line":468,"column":null}},"20":{"start":{"line":438,"column":19},"end":{"line":438,"column":null}},"21":{"start":{"line":439,"column":22},"end":{"line":439,"column":null}},"22":{"start":{"line":442,"column":4},"end":{"line":446,"column":null}},"23":{"start":{"line":443,"column":8},"end":{"line":445,"column":null}},"24":{"start":{"line":444,"column":12},"end":{"line":444,"column":null}},"25":{"start":{"line":448,"column":4},"end":{"line":459,"column":null}},"26":{"start":{"line":450,"column":25},"end":{"line":450,"column":null}},"27":{"start":{"line":452,"column":8},"end":{"line":458,"column":null}},"28":{"start":{"line":453,"column":12},"end":{"line":457,"column":null}},"29":{"start":{"line":462,"column":4},"end":{"line":462,"column":null}},"30":{"start":{"line":463,"column":4},"end":{"line":467,"column":null}},"31":{"start":{"line":471,"column":29},"end":{"line":483,"column":null}},"32":{"start":{"line":472,"column":22},"end":{"line":472,"column":null}},"33":{"start":{"line":474,"column":4},"end":{"line":478,"column":null}},"34":{"start":{"line":475,"column":8},"end":{"line":477,"column":null}},"35":{"start":{"line":476,"column":12},"end":{"line":476,"column":null}},"36":{"start":{"line":476,"column":40},"end":{"line":476,"column":null}},"37":{"start":{"line":480,"column":4},"end":{"line":480,"column":null}},"38":{"start":{"line":482,"column":4},"end":{"line":482,"column":null}},"39":{"start":{"line":485,"column":32},"end":{"line":491,"column":null}},"40":{"start":{"line":486,"column":18},"end":{"line":486,"column":null}},"41":{"start":{"line":487,"column":4},"end":{"line":489,"column":null}},"42":{"start":{"line":488,"column":8},"end":{"line":488,"column":null}},"43":{"start":{"line":490,"column":4},"end":{"line":490,"column":null}},"44":{"start":{"line":494,"column":23},"end":{"line":506,"column":null}},"45":{"start":{"line":495,"column":4},"end":{"line":504,"column":null}},"46":{"start":{"line":496,"column":24},"end":{"line":496,"column":null}},"47":{"start":{"line":497,"column":8},"end":{"line":499,"column":null}},"48":{"start":{"line":498,"column":12},"end":{"line":498,"column":null}},"49":{"start":{"line":500,"column":8},"end":{"line":503,"column":null}},"50":{"start":{"line":501,"column":26},"end":{"line":501,"column":null}},"51":{"start":{"line":502,"column":12},"end":{"line":502,"column":null}},"52":{"start":{"line":502,"column":23},"end":{"line":502,"column":null}},"53":{"start":{"line":505,"column":4},"end":{"line":505,"column":null}},"54":{"start":{"line":509,"column":25},"end":{"line":533,"column":null}},"55":{"start":{"line":510,"column":16},"end":{"line":510,"column":null}},"56":{"start":{"line":511,"column":22},"end":{"line":511,"column":null}},"57":{"start":{"line":513,"column":4},"end":{"line":530,"column":null}},"58":{"start":{"line":514,"column":8},"end":{"line":529,"column":null}},"59":{"start":{"line":515,"column":28},"end":{"line":515,"column":null}},"60":{"start":{"line":516,"column":12},"end":{"line":528,"column":null}},"61":{"start":{"line":518,"column":16},"end":{"line":518,"column":null}},"62":{"start":{"line":519,"column":16},"end":{"line":524,"column":null}},"63":{"start":{"line":525,"column":16},"end":{"line":525,"column":null}},"64":{"start":{"line":527,"column":16},"end":{"line":527,"column":null}},"65":{"start":{"line":532,"column":4},"end":{"line":532,"column":null}},"66":{"start":{"line":535,"column":29},"end":{"line":573,"column":null}},"67":{"start":{"line":537,"column":28},"end":{"line":540,"column":null}},"68":{"start":{"line":537,"column":65},"end":{"line":540,"column":null}},"69":{"start":{"line":542,"column":30},"end":{"line":542,"column":null}},"70":{"start":{"line":545,"column":25},"end":{"line":545,"column":null}},"71":{"start":{"line":546,"column":4},"end":{"line":556,"column":null}},"72":{"start":{"line":547,"column":8},"end":{"line":555,"column":null}},"73":{"start":{"line":548,"column":26},"end":{"line":548,"column":null}},"74":{"start":{"line":549,"column":12},"end":{"line":549,"column":null}},"75":{"start":{"line":550,"column":15},"end":{"line":555,"column":null}},"76":{"start":{"line":552,"column":24},"end":{"line":552,"column":null}},"77":{"start":{"line":553,"column":12},"end":{"line":553,"column":null}},"78":{"start":{"line":554,"column":12},"end":{"line":554,"column":null}},"79":{"start":{"line":558,"column":23},"end":{"line":568,"column":null}},"80":{"start":{"line":571,"column":4},"end":{"line":571,"column":null}},"81":{"start":{"line":572,"column":4},"end":{"line":572,"column":null}},"82":{"start":{"line":575,"column":27},"end":{"line":579,"column":null}},"83":{"start":{"line":576,"column":21},"end":{"line":576,"column":null}},"84":{"start":{"line":577,"column":4},"end":{"line":577,"column":32}},"85":{"start":{"line":578,"column":4},"end":{"line":578,"column":null}},"86":{"start":{"line":578,"column":45},"end":{"line":578,"column":null}},"87":{"start":{"line":581,"column":30},"end":{"line":616,"column":null}},"88":{"start":{"line":582,"column":21},"end":{"line":582,"column":null}},"89":{"start":{"line":583,"column":16},"end":{"line":583,"column":null}},"90":{"start":{"line":583,"column":37},"end":{"line":583,"column":null}},"91":{"start":{"line":585,"column":4},"end":{"line":614,"column":null}},"92":{"start":{"line":587,"column":8},"end":{"line":593,"column":null}},"93":{"start":{"line":596,"column":8},"end":{"line":598,"column":null}},"94":{"start":{"line":597,"column":12},"end":{"line":597,"column":null}},"95":{"start":{"line":601,"column":23},"end":{"line":601,"column":null}},"96":{"start":{"line":603,"column":8},"end":{"line":609,"column":null}},"97":{"start":{"line":604,"column":12},"end":{"line":604,"column":null}},"98":{"start":{"line":605,"column":15},"end":{"line":609,"column":null}},"99":{"start":{"line":605,"column":37},"end":{"line":605,"column":56}},"100":{"start":{"line":606,"column":12},"end":{"line":606,"column":null}},"101":{"start":{"line":608,"column":12},"end":{"line":608,"column":null}},"102":{"start":{"line":612,"column":8},"end":{"line":612,"column":null}},"103":{"start":{"line":613,"column":8},"end":{"line":613,"column":null}},"104":{"start":{"line":615,"column":4},"end":{"line":615,"column":null}}},"fnMap":{"0":{"name":"(anonymous_0)","decl":{"start":{"line":386,"column":22},"end":{"line":386,"column":null}},"loc":{"start":{"line":386,"column":22},"end":{"line":388,"column":null}},"line":386},"1":{"name":"(anonymous_1)","decl":{"start":{"line":389,"column":22},"end":{"line":389,"column":29}},"loc":{"start":{"line":389,"column":29},"end":{"line":391,"column":null}},"line":389},"2":{"name":"(anonymous_2)","decl":{"start":{"line":419,"column":27},"end":{"line":419,"column":null}},"loc":{"start":{"line":419,"column":27},"end":{"line":433,"column":null}},"line":419},"3":{"name":"(anonymous_3)","decl":{"start":{"line":423,"column":22},"end":{"line":423,"column":33}},"loc":{"start":{"line":423,"column":33},"end":{"line":423,"column":null}},"line":423},"4":{"name":"(anonymous_4)","decl":{"start":{"line":437,"column":29},"end":{"line":437,"column":null}},"loc":{"start":{"line":437,"column":29},"end":{"line":468,"column":null}},"line":437},"5":{"name":"(anonymous_5)","decl":{"start":{"line":471,"column":29},"end":{"line":471,"column":30}},"loc":{"start":{"line":471,"column":30},"end":{"line":483,"column":null}},"line":471},"6":{"name":"(anonymous_6)","decl":{"start":{"line":474,"column":20},"end":{"line":474,"column":null}},"loc":{"start":{"line":474,"column":20},"end":{"line":478,"column":null}},"line":474},"7":{"name":"(anonymous_7)","decl":{"start":{"line":476,"column":31},"end":{"line":476,"column":40}},"loc":{"start":{"line":476,"column":40},"end":{"line":476,"column":null}},"line":476},"8":{"name":"(anonymous_8)","decl":{"start":{"line":485,"column":32},"end":{"line":485,"column":33}},"loc":{"start":{"line":485,"column":33},"end":{"line":491,"column":null}},"line":485},"9":{"name":"(anonymous_9)","decl":{"start":{"line":487,"column":22},"end":{"line":487,"column":null}},"loc":{"start":{"line":487,"column":22},"end":{"line":489,"column":null}},"line":487},"10":{"name":"(anonymous_10)","decl":{"start":{"line":494,"column":23},"end":{"line":494,"column":24}},"loc":{"start":{"line":494,"column":93},"end":{"line":506,"column":null}},"line":494},"11":{"name":"(anonymous_11)","decl":{"start":{"line":509,"column":25},"end":{"line":509,"column":26}},"loc":{"start":{"line":509,"column":26},"end":{"line":533,"column":null}},"line":509},"12":{"name":"(anonymous_12)","decl":{"start":{"line":513,"column":21},"end":{"line":513,"column":null}},"loc":{"start":{"line":513,"column":21},"end":{"line":530,"column":null}},"line":513},"13":{"name":"(anonymous_13)","decl":{"start":{"line":535,"column":29},"end":{"line":535,"column":36}},"loc":{"start":{"line":535,"column":36},"end":{"line":573,"column":null}},"line":535},"14":{"name":"(anonymous_14)","decl":{"start":{"line":537,"column":57},"end":{"line":537,"column":65}},"loc":{"start":{"line":537,"column":65},"end":{"line":540,"column":null}},"line":537},"15":{"name":"(anonymous_15)","decl":{"start":{"line":575,"column":27},"end":{"line":575,"column":null}},"loc":{"start":{"line":575,"column":27},"end":{"line":579,"column":null}},"line":575},"16":{"name":"(anonymous_16)","decl":{"start":{"line":578,"column":25},"end":{"line":578,"column":26}},"loc":{"start":{"line":578,"column":45},"end":{"line":578,"column":null}},"line":578},"17":{"name":"(anonymous_17)","decl":{"start":{"line":581,"column":30},"end":{"line":581,"column":37}},"loc":{"start":{"line":581,"column":99},"end":{"line":616,"column":null}},"line":581},"18":{"name":"(anonymous_18)","decl":{"start":{"line":583,"column":30},"end":{"line":583,"column":31}},"loc":{"start":{"line":583,"column":37},"end":{"line":583,"column":null}},"line":583},"19":{"name":"(anonymous_19)","decl":{"start":{"line":605,"column":32},"end":{"line":605,"column":37}},"loc":{"start":{"line":605,"column":37},"end":{"line":605,"column":56}},"line":605}},"branchMap":{"0":{"loc":{"start":{"line":425,"column":4},"end":{"line":429,"column":null}},"type":"if","locations":[{"start":{"line":425,"column":4},"end":{"line":429,"column":null}},{"start":{"line":427,"column":11},"end":{"line":429,"column":null}}],"line":425},"1":{"loc":{"start":{"line":427,"column":11},"end":{"line":429,"column":null}},"type":"if","locations":[{"start":{"line":427,"column":11},"end":{"line":429,"column":null}},{"start":{},"end":{}}],"line":427},"2":{"loc":{"start":{"line":442,"column":4},"end":{"line":446,"column":null}},"type":"if","locations":[{"start":{"line":442,"column":4},"end":{"line":446,"column":null}},{"start":{},"end":{}}],"line":442},"3":{"loc":{"start":{"line":443,"column":8},"end":{"line":445,"column":null}},"type":"if","locations":[{"start":{"line":443,"column":8},"end":{"line":445,"column":null}},{"start":{},"end":{}}],"line":443},"4":{"loc":{"start":{"line":443,"column":12},"end":{"line":443,"column":70}},"type":"binary-expr","locations":[{"start":{"line":443,"column":12},"end":{"line":443,"column":52}},{"start":{"line":443,"column":52},"end":{"line":443,"column":70}}],"line":443},"5":{"loc":{"start":{"line":448,"column":4},"end":{"line":459,"column":null}},"type":"if","locations":[{"start":{"line":448,"column":4},"end":{"line":459,"column":null}},{"start":{},"end":{}}],"line":448},"6":{"loc":{"start":{"line":452,"column":8},"end":{"line":458,"column":null}},"type":"if","locations":[{"start":{"line":452,"column":8},"end":{"line":458,"column":null}},{"start":{},"end":{}}],"line":452},"7":{"loc":{"start":{"line":475,"column":8},"end":{"line":477,"column":null}},"type":"if","locations":[{"start":{"line":475,"column":8},"end":{"line":477,"column":null}},{"start":{},"end":{}}],"line":475},"8":{"loc":{"start":{"line":494,"column":36},"end":{"line":494,"column":65}},"type":"default-arg","locations":[{"start":{"line":494,"column":52},"end":{"line":494,"column":65}}],"line":494},"9":{"loc":{"start":{"line":494,"column":67},"end":{"line":494,"column":93}},"type":"default
[...]
,"/Users/loweryr/git/github/rhlowery/unity-catalog-access-request-ui/src/services/storage/adapters/LocalStorageAdapter.ts": {"path":"/Users/loweryr/git/github/rhlowery/unity-catalog-access-request-ui/src/services/storage/adapters/LocalStorageAdapter.ts","statementMap":{"0":{"start":{"line":7,"column":20},"end":{"line":7,"column":null}},"1":{"start":{"line":9,"column":52},"end":{"line":40,"column":null}},"2":{"start":{"line":14,"column":21},"end":{"line":14,"column":null}},"3":{"start":{"line":15,"column":8},"end":{"line":15,"column":null}},"4":{"start":{"line":19,"column":8},"end":{"line":19,"column":null}},"5":{"start":{"line":20,"column":8},"end":{"line":20,"column":null}},"6":{"start":{"line":24,"column":20},"end":{"line":24,"column":null}},"7":{"start":{"line":25,"column":22},"end":{"line":25,"column":null}},"8":{"start":{"line":25,"column":41},"end":{"line":25,"column":60}},"9":{"start":{"line":26,"column":8},"end":{"line":30,"column":null}},"10":{"start":{"line":27,"column":12},"end":{"line":27,"column":null}},"11":{"start":{"line":29,"column":12},"end":{"line":29,"column":null}},"12":{"start":{"line":31,"column":8},"end":{"line":31,"column":null}},"13":{"start":{"line":36,"column":26},"end":{"line":36,"column":50}},"14":{"start":{"line":37,"column":23},"end":{"line":37,"column":null}},"15":{"start":{"line":38,"column":8},"end":{"line":38,"column":null}}},"fnMap":{"0":{"name":"(anonymous_0)","decl":{"start":{"line":13,"column":10},"end":{"line":13,"column":15}},"loc":{"start":{"line":13,"column":36},"end":{"line":16,"column":null}},"line":13},"1":{"name":"(anonymous_1)","decl":{"start":{"line":18,"column":10},"end":{"line":18,"column":15}},"loc":{"start":{"line":18,"column":59},"end":{"line":21,"column":null}},"line":18},"2":{"name":"(anonymous_2)","decl":{"start":{"line":23,"column":10},"end":{"line":23,"column":24}},"loc":{"start":{"line":23,"column":69},"end":{"line":32,"column":null}},"line":23},"3":{"name":"(anonymous_3)","decl":{"start":{"line":25,"column":36},"end":{"line":25,"column":41}},"loc":{"start":{"line":25,"column":41},"end":{"line":25,"column":60}},"line":25},"4":{"name":"(anonymous_4)","decl":{"start":{"line":34,"column":10},"end":{"line":34,"column":20}},"loc":{"start":{"line":34,"column":54},"end":{"line":39,"column":null}},"line":34}},"branchMap":{"0":{"loc":{"start":{"line":15,"column":15},"end":{"line":15,"column":43}},"type":"cond-expr","locations":[{"start":{"line":15,"column":22},"end":{"line":15,"column":41}},{"start":{"line":15,"column":41},"end":{"line":15,"column":43}}],"line":15},"1":{"loc":{"start":{"line":26,"column":8},"end":{"line":30,"column":null}},"type":"if","locations":[{"start":{"line":26,"column":8},"end":{"line":30,"column":null}},{"start":{"line":28,"column":15},"end":{"line":30,"column":null}}],"line":26},"2":{"loc":{"start":{"line":38,"column":15},"end":{"line":38,"column":47}},"type":"cond-expr","locations":[{"start":{"line":38,"column":24},"end":{"line":38,"column":45}},{"start":{"line":38,"column":45},"end":{"line":38,"column":47}}],"line":38}},"s":{"0":1,"1":1,"2":0,"3":0,"4":0,"5":0,"6":0,"7":0,"8":0,"9":0,"10":0,"11":0,"12":0,"13":0,"14":0,"15":0},"f":{"0":0,"1":0,"2":0,"3":0,"4":0},"b":{"0":[0,0],"1":[0,0],"2":[0,0]},"meta":{"lastBranch":3,"lastFunction":5,"lastStatement":16,"seen":{"s:7:20:7:Infinity":0,"s:9:52:40:Infinity":1,"f:13:10:13:15":0,"s:14:21:14:Infinity":2,"s:15:8:15:Infinity":3,"b:15:22:15:41:15:41:15:43":0,"f:18:10:18:15":1,"s:19:8:19:Infinity":4,"s:20:8:20:Infinity":5,"f:23:10:23:24":2,"s:24:20:24:Infinity":6,"s:25:22:25:Infinity":7,"f:25:36:25:41":3,"s:25:41:25:60":8,"b:26:8:30:Infinity:28:15:30:Infinity":1,"s:26:8:30:Infinity":9,"s:27:12:27:Infinity":10,"s:29:12:29:Infinity":11,"s:31:8:31:Infinity":12,"f:34:10:34:20":4,"s:36:26:36:50":13,"s:37:23:37:Infinity":14,"s:38:8:38:Infinity":15,"b:38:24:38:45:38:45:38:47":2}}}
,"/Users/loweryr/git/github/rhlowery/unity-catalog-access-request-ui/src/services/storage/adapters/RDBMSAdapter.ts": {"path":"/Users/loweryr/git/github/rhlowery/unity-catalog-access-request-ui/src/services/storage/adapters/RDBMSAdapter.ts","statementMap":{"0":{"start":{"line":9,"column":45},"end":{"line":33,"column":null}},"1":{"start":{"line":14,"column":8},"end":{"line":14,"column":null}},"2":{"start":{"line":16,"column":8},"end":{"line":16,"column":null}},"3":{"start":{"line":20,"column":8},"end":{"line":20,"column":null}},"4":{"start":{"line":21,"column":8},"end":{"line":21,"column":null}},"5":{"start":{"line":25,"column":8},"end":{"line":25,"column":null}},"6":{"start":{"line":26,"column":8},"end":{"line":26,"column":null}},"7":{"start":{"line":30,"column":8},"end":{"line":30,"column":null}},"8":{"start":{"line":31,"column":8},"end":{"line":31,"column":null}}},"fnMap":{"0":{"name":"(anonymous_0)","decl":{"start":{"line":13,"column":10},"end":{"line":13,"column":15}},"loc":{"start":{"line":13,"column":36},"end":{"line":17,"column":null}},"line":13},"1":{"name":"(anonymous_1)","decl":{"start":{"line":19,"column":10},"end":{"line":19,"column":15}},"loc":{"start":{"line":19,"column":59},"end":{"line":22,"column":null}},"line":19},"2":{"name":"(anonymous_2)","decl":{"start":{"line":24,"column":10},"end":{"line":24,"column":24}},"loc":{"start":{"line":24,"column":69},"end":{"line":27,"column":null}},"line":24},"3":{"name":"(anonymous_3)","decl":{"start":{"line":29,"column":10},"end":{"line":29,"column":20}},"loc":{"start":{"line":29,"column":54},"end":{"line":32,"column":null}},"line":29}},"branchMap":{},"s":{"0":1,"1":0,"2":0,"3":0,"4":0,"5":0,"6":0,"7":0,"8":0},"f":{"0":0,"1":0,"2":0,"3":0},"b":{},"meta":{"lastBranch":0,"lastFunction":4,"lastStatement":9,"seen":{"s:9:45:33:Infinity":0,"f:13:10:13:15":0,"s:14:8:14:Infinity":1,"s:16:8:16:Infinity":2,"f:19:10:19:15":1,"s:20:8:20:Infinity":3,"s:21:8:21:Infinity":4,"f:24:10:24:24":2,"s:25:8:25:Infinity":5,"s:26:8:26:Infinity":6,"f:29:10:29:20":3,"s:30:8:30:Infinity":7,"s:31:8:31:Infinity":8}}}
,"/Users/loweryr/git/github/rhlowery/unity-catalog-access-request-ui/src/services/storage/adapters/UnityCatalogAdapter.ts": {"path":"/Users/loweryr/git/github/rhlowery/unity-catalog-access-request-ui/src/services/storage/adapters/UnityCatalogAdapter.ts","statementMap":{"0":{"start":{"line":12,"column":35},"end":{"line":97,"column":null}},"1":{"start":{"line":19,"column":8},"end":{"line":19,"column":null}},"2":{"start":{"line":22,"column":8},"end":{"line":22,"column":null}},"3":{"start":{"line":27,"column":8},"end":{"line":27,"column":null}},"4":{"start":{"line":28,"column":8},"end":{"line":28,"column":null}},"5":{"start":{"line":32,"column":8},"end":{"line":32,"column":null}},"6":{"start":{"line":33,"column":8},"end":{"line":33,"column":null}},"7":{"start":{"line":39,"column":8},"end":{"line":39,"column":null}},"8":{"start":{"line":43,"column":8},"end":{"line":43,"column":null}},"9":{"start":{"line":45,"column":8},"end":{"line":81,"column":null}},"10":{"start":{"line":46,"column":26},"end":{"line":46,"column":null}},"11":{"start":{"line":47,"column":12},"end":{"line":47,"column":null}},"12":{"start":{"line":47,"column":24},"end":{"line":47,"column":null}},"13":{"start":{"line":49,"column":25},"end":{"line":49,"column":null}},"14":{"start":{"line":50,"column":28},"end":{"line":50,"column":78}},"15":{"start":{"line":53,"column":34},"end":{"line":53,"column":null}},"16":{"start":{"line":54,"column":30},"end":{"line":54,"column":106}},"17":{"start":{"line":56,"column":12},"end":{"line":56,"column":null}},"18":{"start":{"line":58,"column":24},"end":{"line":60,"column":null}},"19":{"start":{"line":62,"column":12},"end":{"line":65,"column":null}},"20":{"start":{"line":63,"column":16},"end":{"line":63,"column":null}},"21":{"start":{"line":64,"column":16},"end":{"line":64,"column":null}},"22":{"start":{"line":67,"column":25},"end":{"line":67,"column":null}},"23":{"start":{"line":69,"column":12},"end":{"line":75,"column":null}},"24":{"start":{"line":70,"column":16},"end":{"line":75,"column":null}},"25":{"start":{"line":70,"column":43},"end":{"line":75,"column":null}},"26":{"start":{"line":79,"column":12},"end":{"line":79,"column":null}},"27":{"start":{"line":80,"column":12},"end":{"line":80,"column":null}},"28":{"start":{"line":86,"column":23},"end":{"line":86,"column":25}},"29":{"start":{"line":87,"column":8},"end":{"line":94,"column":null}},"30":{"start":{"line":88,"column":12},"end":{"line":93,"column":null}},"31":{"start":{"line":95,"column":8},"end":{"line":95,"column":null}}},"fnMap":{"0":{"name":"(anonymous_0)","decl":{"start":{"line":16,"column":10},"end":{"line":16,"column":15}},"loc":{"start":{"line":16,"column":21},"end":{"line":23,"column":null}},"line":16},"1":{"name":"(anonymous_1)","decl":{"start":{"line":25,"column":10},"end":{"line":25,"column":15}},"loc":{"start":{"line":25,"column":28},"end":{"line":29,"column":null}},"line":25},"2":{"name":"(anonymous_2)","decl":{"start":{"line":31,"column":10},"end":{"line":31,"column":24}},"loc":{"start":{"line":31,"column":39},"end":{"line":34,"column":null}},"line":31},"3":{"name":"(anonymous_3)","decl":{"start":{"line":36,"column":10},"end":{"line":36,"column":20}},"loc":{"start":{"line":36,"column":34},"end":{"line":40,"column":null}},"line":36},"4":{"name":"(anonymous_4)","decl":{"start":{"line":42,"column":10},"end":{"line":42,"column":24}},"loc":{"start":{"line":42,"column":48},"end":{"line":82,"column":null}},"line":42},"5":{"name":"(anonymous_5)","decl":{"start":{"line":69,"column":62},"end":{"line":69,"column":null}},"loc":{"start":{"line":70,"column":16},"end":{"line":75,"column":null}},"line":70},"6":{"name":"(anonymous_6)","decl":{"start":{"line":70,"column":34},"end":{"line":70,"column":43}},"loc":{"start":{"line":70,"column":43},"end":{"line":75,"column":null}},"line":70},"7":{"name":"(anonymous_7)","decl":{"start":{"line":84,"column":4},"end":{"line":84,"column":18}},"loc":{"start":{"line":84,"column":29},"end":{"line":96,"column":null}},"line":84}},"branchMap":{"0":{"loc":{"start":{"line":47,"column":12},"end":{"line":47,"column":null}},"type":"if","locations":[{"start":{"line":47,"column":12},"end":{"line":47,"column":null}},{"start":{},"end":{}}],"line":47},"1":{"loc":{"start":{"line":49,"column":25},"end":{"line":49,"column":null}},"type":"binary-expr","locations":[{"start":{"line":49,"column":25},"end":{"line":49,"column":38}},{"start":{"line":49,"column":42},"end":{"line":49,"column":null}}],"line":49},"2":{"loc":{"start":{"line":50,"column":28},"end":{"line":50,"column":78}},"type":"cond-expr","locations":[{"start":{"line":50,"column":54},"end":{"line":50,"column":61}},{"start":{"line":50,"column":61},"end":{"line":50,"column":78}}],"line":50},"3":{"loc":{"start":{"line":53,"column":34},"end":{"line":53,"column":null}},"type":"cond-expr","locations":[{"start":{"line":53,"column":62},"end":{"line":53,"column":74}},{"start":{"line":53,"column":74},"end":{"line":53,"column":null}}],"line":53},"4":{"loc":{"start":{"line":53,"column":74},"end":{"line":53,"column":null}},"type":"cond-expr","locations":[{"start":{"line":53,"column":101},"end":{"line":53,"column":112}},{"start":{"line":53,"column":112},"end":{"line":53,"column":null}}],"line":53},"5":{"loc":{"start":{"line":62,"column":12},"end":{"line":65,"column":null}},"type":"if","locations":[{"start":{"line":62,"column":12},"end":{"line":65,"column":null}},{"start":{},"end":{}}],"line":62},"6":{"loc":{"start":{"line":69,"column":20},"end":{"line":69,"column":51}},"type":"binary-expr","locations":[{"start":{"line":69,"column":20},"end":{"line":69,"column":46}},{"start":{"line":69,"column":50},"end":{"line":69,"column":51}}],"line":69},"7":{"loc":{"start":{"line":87,"column":8},"end":{"line":94,"column":null}},"type":"if","locations":[{"start":{"line":87,"column":8},"end":{"line":94,"column":null}},{"start":{},"end":{}}],"line":87}},"s":{"0":1,"1":0,"2":0,"3":0,"4":0,"5":0,"6":0,"7":0,"8":0,"9":0,"10":0,"11":0,"12":0,"13":0,"14":0,"15":0,"16":0,"17":0,"18":0,"19":0,"20":0,"21":0,"22":0,"23":0,"24":0,"25":0,"26":0,"27":0,"28":0,"29":0,"30":0,"31":0},"f":{"0":0,"1":0,"2":0,"3":0,"4":0,"5":0,"6":0,"7":0},"b":{"0":[0,0],"1":[0,0],"2":[0,0],"3":[0,0],"4":[0,0],"5":[0,0],"6":[0,0],"7":[0,0]},"meta":{"lastBranch":8,"lastFunction":8,"lastStatement":32,"seen":{"s:12:35:97:Infinity":0,"f:16:10:16:15":0,"s:19:8:19:Infinity":1,"s:22:8:22:Infinity":2,"f:25:10:25:15":1,"s:27:8:27:Infinity":3,"s:28:8:28:Infinity":4,"f:31:10:31:24":2,"s:32:8:32:Infinity":5,"s:33:8:33:Infinity":6,"f:36:10:36:20":3,"s:39:8:39:Infinity":7,"f:42:10:42:24":4,"s:43:8:43:Infinity":8,"s:45:8:81:Infinity":9,"s:46:26:46:Infinity":10,"b:47:12:47:Infinity:undefined:undefined:undefined:undefined":0,"s:47:12:47:Infinity":11,"s:47:24:47:Infinity":12,"s:49:25:49:Infinity":13,"b:49:25:49:38:49:42:49:Infinity":1,"s:50:28:50:78":14,"b:50:54:50:61:50:61:50:78":2,"s:53:34:53:Infinity":15,"b:53:62:53:74:53:74:53:Infinity":3,"b:53:101:53:112:53:112:53:Infinity":4,"s:54:30:54:106":16,"s:56:12:56:Infinity":17,"s:58:24:60:Infinity":18,"b:62:12:65:Infinity:undefined:undefined:undefined:undefined":5,"s:62:12:65:Infinity":19,"s:63:16:63:Infinity":20,"s:64:16:64:Infinity":21,"s:67:25:67:Infinity":22,"s:69:12:75:Infinity":23,"b:69:20:69:46:69:50:69:51":6,"f:69:62:69:Infinity":5,"s:70:16:75:Infinity":24,"f:70:34:70:43":6,"s:70:43:75:Infinity":25,"s:79:12:79:Infinity":26,"s:80:12:80:Infinity":27,"f:84:4:84:18":7,"s:86:23:86:25":28,"b:87:8:94:Infinity:undefined:undefined:undefined:undefined":7,"s:87:8:94:Infinity":29,"s:88:12:93:Infinity":30,"s:95:8:95:Infinity":31}}}
,"/Users/loweryr/git/github/rhlowery/unity-catalog-access-request-ui/src/services/storage/adapters/VolatileAdapter.ts": {"path":"/Users/loweryr/git/github/rhlowery/unity-catalog-access-request-ui/src/services/storage/adapters/VolatileAdapter.ts","statementMap":{"0":{"start":{"line":5,"column":18},"end":{"line":5,"column":20}},"1":{"start":{"line":7,"column":31},"end":{"line":50,"column":null}},"2":{"start":{"line":12,"column":8},"end":{"line":12,"column":null}},"3":{"start":{"line":16,"column":8},"end":{"line":16,"column":null}},"4":{"start":{"line":17,"column":8},"end":{"line":17,"column":null}},"5":{"start":{"line":21,"column":22},"end":{"line":21,"column":null}},"6":{"start":{"line":21,"column":49},"end":{"line":21,"column":68}},"7":{"start":{"line":22,"column":8},"end":{"line":26,"column":null}},"8":{"start":{"line":23,"column":12},"end":{"line":23,"column":null}},"9":{"start":{"line":25,"column":12},"end":{"line":25,"column":null}},"10":{"start":{"line":27,"column":8},"end":{"line":27,"column":null}},"11":{"start":{"line":32,"column":23},"end":{"line":32,"column":25}},"12":{"start":{"line":33,"column":8},"end":{"line":47,"column":null}},"13":{"start":{"line":34,"column":25},"end":{"line":34,"column":null}},"14":{"start":{"line":36,"column":38},"end":{"line":36,"column":null}},"15":{"start":{"line":36,"column":67},"end":{"line":36,"column":85}},"16":{"start":{"line":37,"column":16},"end":{"line":46,"column":null}},"17":{"start":{"line":38,"column":21},"end":{"line":45,"column":null}},"18":{"start":{"line":39,"column":24},"end":{"line":44,"column":null}},"19":{"start":{"line":48,"column":8},"end":{"line":48,"column":null}}},"fnMap":{"0":{"name":"(anonymous_0)","decl":{"start":{"line":11,"column":10},"end":{"line":11,"column":null}},"loc":{"start":{"line":11,"column":10},"end":{"line":13,"column":null}},"line":11},"1":{"name":"(anonymous_1)","decl":{"start":{"line":15,"column":10},"end":{"line":15,"column":15}},"loc":{"start":{"line":15,"column":19},"end":{"line":18,"column":null}},"line":15},"2":{"name":"(anonymous_2)","decl":{"start":{"line":20,"column":10},"end":{"line":20,"column":24}},"loc":{"start":{"line":20,"column":31},"end":{"line":28,"column":null}},"line":20},"3":{"name":"(anonymous_3)","decl":{"start":{"line":21,"column":44},"end":{"line":21,"column":49}},"loc":{"start":{"line":21,"column":49},"end":{"line":21,"column":68}},"line":21},"4":{"name":"(anonymous_4)","decl":{"start":{"line":30,"column":10},"end":{"line":30,"column":20}},"loc":{"start":{"line":30,"column":35},"end":{"line":49,"column":null}},"line":30},"5":{"name":"(anonymous_5)","decl":{"start":{"line":34,"column":20},"end":{"line":34,"column":25}},"loc":{"start":{"line":34,"column":25},"end":{"line":34,"column":null}},"line":34},"6":{"name":"(anonymous_6)","decl":{"start":{"line":35,"column":21},"end":{"line":35,"column":null}},"loc":{"start":{"line":35,"column":21},"end":{"line":47,"column":null}},"line":35},"7":{"name":"(anonymous_7)","decl":{"start":{"line":36,"column":62},"end":{"line":36,"column":67}},"loc":{"start":{"line":36,"column":67},"end":{"line":36,"column":85}},"line":36},"8":{"name":"(anonymous_8)","decl":{"start":{"line":38,"column":49},"end":{"line":38,"column":null}},"loc":{"start":{"line":38,"column":49},"end":{"line":45,"column":null}},"line":38}},"branchMap":{"0":{"loc":{"start":{"line":22,"column":8},"end":{"line":26,"column":null}},"type":"if","locations":[{"start":{"line":22,"column":8},"end":{"line":26,"column":null}},{"start":{"line":24,"column":15},"end":{"line":26,"column":null}}],"line":22},"1":{"loc":{"start":{"line":37,"column":16},"end":{"line":46,"column":null}},"type":"if","locations":[{"start":{"line":37,"column":16},"end":{"line":46,"column":null}},{"start":{},"end":{}}],"line":37},"2":{"loc":{"start":{"line":38,"column":21},"end":{"line":38,"column":38}},"type":"binary-expr","locations":[{"start":{"line":38,"column":21},"end":{"line":38,"column":33}},{"start":{"line":38,"column":37},"end":{"line":38,"column":38}}],"line":38}},"s":{"0":1,"1":1,"2":0,"3":0,"4":0,"5":0,"6":0,"7":0,"8":0,"9":0,"10":0,"11":0,"12":0,"13":0,"14":0,"15":0,"16":0,"17":0,"18":0,"19":0},"f":{"0":0,"1":0,"2":0,"3":0,"4":0,"5":0,"6":0,"7":0,"8":0},"b":{"0":[0,0],"1":[0,0],"2":[0,0]},"meta":{"lastBranch":3,"lastFunction":9,"lastStatement":20,"seen":{"s:5:18:5:20":0,"s:7:31:50:Infinity":1,"f:11:10:11:Infinity":0,"s:12:8:12:Infinity":2,"f:15:10:15:15":1,"s:16:8:16:Infinity":3,"s:17:8:17:Infinity":4,"f:20:10:20:24":2,"s:21:22:21:Infinity":5,"f:21:44:21:49":3,"s:21:49:21:68":6,"b:22:8:26:Infinity:24:15:26:Infinity":0,"s:22:8:26:Infinity":7,"s:23:12:23:Infinity":8,"s:25:12:25:Infinity":9,"s:27:8:27:Infinity":10,"f:30:10:30:20":4,"s:32:23:32:25":11,"s:33:8:47:Infinity":12,"f:34:20:34:25":5,"s:34:25:34:Infinity":13,"f:35:21:35:Infinity":6,"s:36:38:36:Infinity":14,"f:36:62:36:67":7,"s:36:67:36:85":15,"b:37:16:46:Infinity:undefined:undefined:undefined:undefined":1,"s:37:16:46:Infinity":16,"s:38:21:45:Infinity":17,"b:38:21:38:33:38:37:38:38":2,"f:38:49:38:Infinity":8,"s:39:24:44:Infinity":18,"s:48:8:48:Infinity":19}}}
}
