{"/Users/loweryr/git/github/rhlowery/unity-catalog-access-request-ui/src/components/ErrorBoundary.css": {"path":"/Users/loweryr/git/github/rhlowery/unity-catalog-access-request-ui/src/components/ErrorBoundary.css","statementMap":{},"fnMap":{},"branchMap":{},"s":{},"f":{},"b":{},"meta":{"lastBranch":0,"lastFunction":0,"lastStatement":0,"seen":{}}}
,"/Users/loweryr/git/github/rhlowery/unity-catalog-access-request-ui/src/components/ErrorBoundary.tsx": {"path":"/Users/loweryr/git/github/rhlowery/unity-catalog-access-request-ui/src/components/ErrorBoundary.tsx","statementMap":{"0":{"start":{"line":29,"column":4},"end":{"line":29,"column":null}},"1":{"start":{"line":33,"column":20},"end":{"line":33,"column":null}},"2":{"start":{"line":35,"column":4},"end":{"line":39,"column":null}},"3":{"start":{"line":42,"column":4},"end":{"line":44,"column":null}},"4":{"start":{"line":43,"column":6},"end":{"line":43,"column":null}},"5":{"start":{"line":61,"column":4},"end":{"line":124,"column":null}},"6":{"start":{"line":62,"column":28},"end":{"line":62,"column":47}},"7":{"start":{"line":64,"column":6},"end":{"line":116,"column":null}},"8":{"start":{"line":126,"column":4},"end":{"line":126,"column":null}},"9":{"start":{"line":19,"column":4},"end":{"line":58,"column":null}},"10":{"start":{"line":48,"column":4},"end":{"line":53,"column":null}},"11":{"start":{"line":57,"column":4},"end":{"line":57,"column":null}},"12":{"start":{"line":20,"column":4},"end":{"line":25,"column":null}}},"fnMap":{"0":{"name":"(anonymous_0)","decl":{"start":{"line":28,"column":9},"end":{"line":28,"column":34}},"loc":{"start":{"line":28,"column":78},"end":{"line":30,"column":null}},"line":28},"1":{"name":"(anonymous_1)","decl":{"start":{"line":32,"column":2},"end":{"line":32,"column":20}},"loc":{"start":{"line":32,"column":62},"end":{"line":45,"column":null}},"line":32},"2":{"name":"(anonymous_2)","decl":{"start":{"line":60,"column":2},"end":{"line":60,"column":11}},"loc":{"start":{"line":60,"column":11},"end":{"line":127,"column":null}},"line":60},"3":{"name":"(anonymous_3)","decl":{"start":{"line":18,"column":2},"end":{"line":18,"column":14}},"loc":{"start":{"line":18,"column":41},"end":{"line":26,"column":null}},"line":18},"4":{"name":"(anonymous_4)","decl":{"start":{"line":47,"column":16},"end":{"line":47,"column":null}},"loc":{"start":{"line":47,"column":16},"end":{"line":54,"column":null}},"line":47},"5":{"name":"(anonymous_5)","decl":{"start":{"line":56,"column":17},"end":{"line":56,"column":null}},"loc":{"start":{"line":56,"column":17},"end":{"line":58,"column":null}},"line":56}},"branchMap":{"0":{"loc":{"start":{"line":42,"column":4},"end":{"line":44,"column":null}},"type":"if","locations":[{"start":{"line":42,"column":4},"end":{"line":44,"column":null}},{"start":{},"end":{}}],"line":42},"1":{"loc":{"start":{"line":61,"column":4},"end":{"line":124,"column":null}},"type":"if","locations":[{"start":{"line":61,"column":4},"end":{"line":124,"column":null}},{"start":{},"end":{}}],"line":61},"2":{"loc":{"start":{"line":77,"column":15},"end":{"line":79,"column":null}},"type":"binary-expr","locations":[{"start":{"line":77,"column":15},"end":{"line":77,"column":33}},{"start":{"line":77,"column":33},"end":{"line":79,"column":null}}],"line":77},"3":{"loc":{"start":{"line":102,"column":13},"end":{"line":116,"column":null}},"type":"binary-expr","locations":[{"start":{"line":102,"column":13},"end":{"line":102,"column":null}},{"start":{"line":102,"column":13},"end":{"line":116,"column":null}}],"line":102}},"s":{"0":4,"1":2,"2":2,"3":2,"4":2,"5":10,"6":6,"7":6,"8":4,"9":5,"10":0,"11":0,"12":5},"f":{"0":1,"1":2,"2":10,"3":5,"4":0,"5":0},"b":{"0":[2,0],"1":[6,4],"2":[6,2],"3":[6,6]},"meta":{"lastBranch":4,"lastFunction":6,"lastStatement":13,"seen":{"f:28:9:28:34":0,"s:29:4:29:Infinity":0,"f:32:2:32:20":1,"s:33:20:33:Infinity":1,"s:35:4:39:Infinity":2,"b:42:4:44:Infinity:undefined:undefined:undefined:undefined":0,"s:42:4:44:Infinity":3,"s:43:6:43:Infinity":4,"f:60:2:60:11":2,"b:61:4:124:Infinity:undefined:undefined:undefined:undefined":1,"s:61:4:124:Infinity":5,"s:62:28:62:47":6,"s:64:6:116:Infinity":7,"b:77:15:77:33:77:33:79:Infinity":2,"b:102:13:102:Infinity:102:13:116:Infinity":3,"s:126:4:126:Infinity":8,"f:18:2:18:14":3,"s:19:4:58:Infinity":9,"f:47:16:47:Infinity":4,"s:48:4:53:Infinity":10,"f:56:17:56:Infinity":5,"s:57:4:57:Infinity":11,"s:20:4:25:Infinity":12}}}
,"/Users/loweryr/git/github/rhlowery/unity-catalog-access-request-ui/src/services/ObservabilityService.ts": {"path":"/Users/loweryr/git/github/rhlowery/unity-catalog-access-request-ui/src/services/ObservabilityService.ts","statementMap":{"0":{"start":{"line":10,"column":13},"end":{"line":15,"column":null}},"1":{"start":{"line":18,"column":21},"end":{"line":21,"column":null}},"2":{"start":{"line":24,"column":16},"end":{"line":32,"column":null}},"3":{"start":{"line":35,"column":58},"end":{"line":35,"column":null}},"4":{"start":{"line":36,"column":46},"end":{"line":36,"column":null}},"5":{"start":{"line":39,"column":33},"end":{"line":54,"column":null}},"6":{"start":{"line":40,"column":4},"end":{"line":53,"column":null}},"7":{"start":{"line":41,"column":8},"end":{"line":45,"column":null}},"8":{"start":{"line":47,"column":8},"end":{"line":47,"column":null}},"9":{"start":{"line":50,"column":8},"end":{"line":50,"column":null}},"10":{"start":{"line":52,"column":8},"end":{"line":52,"column":null}},"11":{"start":{"line":56,"column":29},"end":{"line":85,"column":null}},"12":{"start":{"line":57,"column":4},"end":{"line":57,"column":null}},"13":{"start":{"line":57,"column":23},"end":{"line":57,"column":null}},"14":{"start":{"line":59,"column":4},"end":{"line":84,"column":null}},"15":{"start":{"line":60,"column":26},"end":{"line":60,"column":null}},"16":{"start":{"line":62,"column":8},"end":{"line":81,"column":null}},"17":{"start":{"line":63,"column":12},"end":{"line":63,"column":null}},"18":{"start":{"line":66,"column":12},"end":{"line":72,"column":null}},"19":{"start":{"line":67,"column":16},"end":{"line":71,"column":null}},"20":{"start":{"line":75,"column":26},"end":{"line":77,"column":null}},"21":{"start":{"line":78,"column":12},"end":{"line":78,"column":null}},"22":{"start":{"line":80,"column":12},"end":{"line":80,"column":null}},"23":{"start":{"line":83,"column":8},"end":{"line":83,"column":null}},"24":{"start":{"line":88,"column":0},"end":{"line":88,"column":null}},"25":{"start":{"line":89,"column":0},"end":{"line":89,"column":null}},"26":{"start":{"line":92,"column":19},"end":{"line":92,"column":null}},"27":{"start":{"line":94,"column":12},"end":{"line":150,"column":null}},"28":{"start":{"line":95,"column":4},"end":{"line":95,"column":null}},"29":{"start":{"line":95,"column":25},"end":{"line":95,"column":null}},"30":{"start":{"line":97,"column":4},"end":{"line":97,"column":null}},"31":{"start":{"line":97,"column":57},"end":{"line":97,"column":null}},"32":{"start":{"line":100,"column":17},"end":{"line":100,"column":23}},"33":{"start":{"line":101,"column":20},"end":{"line":101,"column":null}},"34":{"start":{"line":102,"column":19},"end":{"line":102,"column":null}},"35":{"start":{"line":104,"column":21},"end":{"line":113,"column":null}},"36":{"start":{"line":116,"column":29},"end":{"line":116,"column":75}},"37":{"start":{"line":118,"column":4},"end":{"line":136,"column":null}},"38":{"start":{"line":120,"column":12},"end":{"line":120,"column":null}},"39":{"start":{"line":121,"column":12},"end":{"line":121,"column":null}},"40":{"start":{"line":123,"column":12},"end":{"line":123,"column":null}},"41":{"start":{"line":124,"column":12},"end":{"line":124,"column":null}},"42":{"start":{"line":126,"column":12},"end":{"line":126,"column":null}},"43":{"start":{"line":127,"column":12},"end":{"line":127,"column":null}},"44":{"start":{"line":129,"column":12},"end":{"line":129,"column":null}},"45":{"start":{"line":131,"column":12},"end":{"line":134,"column":null}},"46":{"start":{"line":135,"column":12},"end":{"line":135,"column":null}},"47":{"start":{"line":139,"column":4},"end":{"line":149,"column":null}},"48":{"start":{"line":140,"column":23},"end":{"line":140,"column":null}},"49":{"start":{"line":141,"column":21},"end":{"line":141,"column":53}},"50":{"start":{"line":142,"column":8},"end":{"line":142,"column":null}},"51":{"start":{"line":145,"column":27},"end":{"line":145,"column":null}},"52":{"start":{"line":146,"column":8},"end":{"line":146,"column":null}},"53":{"start":{"line":148,"column":8},"end":{"line":148,"column":null}},"54":{"start":{"line":153,"column":22},"end":{"line":196,"column":null}},"55":{"start":{"line":154,"column":4},"end":{"line":154,"column":null}},"56":{"start":{"line":154,"column":68},"end":{"line":154,"column":null}},"57":{"start":{"line":156,"column":4},"end":{"line":195,"column":null}},"58":{"start":{"line":157,"column":39},"end":{"line":165,"column":null}},"59":{"start":{"line":168,"column":28},"end":{"line":168,"column":null}},"60":{"start":{"line":171,"column":32},"end":{"line":171,"column":null}},"61":{"start":{"line":172,"column":30},"end":{"line":172,"column":null}},"62":{"start":{"line":173,"column":8},"end":{"line":173,"column":null}},"63":{"start":{"line":176,"column":8},"end":{"line":176,"column":null}},"64":{"start":{"line":179,"column":8},"end":{"line":182,"column":null}},"65":{"start":{"line":184,"column":8},"end":{"line":184,"column":null}},"66":{"start":{"line":187,"column":22},"end":{"line":189,"column":null}},"67":{"start":{"line":190,"column":8},"end":{"line":190,"column":null}},"68":{"start":{"line":193,"column":8},"end":{"line":193,"column":null}},"69":{"start":{"line":194,"column":8},"end":{"line":194,"column":null}},"70":{"start":{"line":198,"column":26},"end":{"line":206,"column":null}},"71":{"start":{"line":199,"column":4},"end":{"line":203,"column":null}},"72":{"start":{"line":205,"column":4},"end":{"line":205,"column":null}},"73":{"start":{"line":208,"column":24},"end":{"line":213,"column":null}},"74":{"start":{"line":209,"column":4},"end":{"line":212,"column":null}},"75":{"start":{"line":215,"column":23},"end":{"line":217,"column":null}},"76":{"start":{"line":216,"column":4},"end":{"line":216,"column":null}},"77":{"start":{"line":219,"column":25},"end":{"line":224,"column":null}},"78":{"start":{"line":220,"column":4},"end":{"line":223,"column":null}},"79":{"start":{"line":227,"column":36},"end":{"line":370,"column":null}},"80":{"start":{"line":230,"column":8},"end":{"line":230,"column":null}},"81":{"start":{"line":231,"column":8},"end":{"line":233,"column":null}},"82":{"start":{"line":232,"column":12},"end":{"line":232,"column":null}},"83":{"start":{"line":234,"column":8},"end":{"line":234,"column":null}},"84":{"start":{"line":239,"column":8},"end":{"line":239,"column":null}},"85":{"start":{"line":243,"column":8},"end":{"line":243,"column":null}},"86":{"start":{"line":247,"column":8},"end":{"line":247,"column":null}},"87":{"start":{"line":251,"column":8},"end":{"line":251,"column":null}},"88":{"start":{"line":256,"column":8},"end":{"line":259,"column":null}},"89":{"start":{"line":263,"column":8},"end":{"line":263,"column":null}},"90":{"start":{"line":267,"column":8},"end":{"line":267,"column":null}},"91":{"start":{"line":271,"column":8},"end":{"line":271,"column":null}},"92":{"start":{"line":275,"column":8},"end":{"line":278,"column":null}},"93":{"start":{"line":282,"column":8},"end":{"line":282,"column":null}},"94":{"start":{"line":286,"column":8},"end":{"line":286,"column":null}},"95":{"start":{"line":291,"column":8},"end":{"line":291,"column":null}},"96":{"start":{"line":295,"column":8},"end":{"line":295,"column":null}},"97":{"start":{"line":295,"column":27},"end":{"line":295,"column":null}},"98":{"start":{"line":296,"column":8},"end":{"line":296,"column":null}},"99":{"start":{"line":300,"column":8},"end":{"line":300,"column":null}},"100":{"start":{"line":300,"column":27},"end":{"line":300,"column":null}},"101":{"start":{"line":301,"column":8},"end":{"line":301,"column":null}},"102":{"start":{"line":306,"column":8},"end":{"line":313,"column":null}},"103":{"start":{"line":317,"column":8},"end":{"line":319,"column":null}},"104":{"start":{"line":318,"column":12},"end":{"line":318,"column":null}},"105":{"start":{"line":324,"column":8},"end":{"line":345,"column":null}},"106":{"start":{"line":325,"column":30},"end":{"line":325,"column":null}},"107":{"start":{"line":326,"column":32},"end":{"line":326,"column":null}},"108":{"start":{"line":326,"column":76},"end":{"line":326,"column":92}},"109":{"start":{"line":328,"column":12},"end":{"line":338,"column":null}},"110":{"start":{"line":340,"column":12},"end":{"line":344,"column":null}},"111":{"start":{"line":350,"column":24},"end":{"line":350,"column":86}},"112":{"start":{"line":351,"column":8},"end":{"line":356,"column":null}},"113":{"start":{"line":357,"column":8},"end":{"line":357,"column":null}},"114":{"start":{"line":362,"column":8},"end":{"line":362,"column":null}},"115":{"start":{"line":367,"column":8},"end":{"line":367,"column":null}},"116":{"start":{"line":368,"column":8},"end":{"line":368,"column":null}}},"fnMap":{"0":{"name":"(anonymous_0)","decl":{"start":{"line":39,"column":33},"end":{"line":39,"column":null}},"loc":{"start":{"line":39,"column":33},"end":{"line":54,"column":null}},"line":39},"1":{"name":"(anonymous_1)","decl":{"start":{"line":56,"column":29},"end":{"line":56,"column":null}},"loc":{"start":{"line":56,"column":29},"end":{"line":85,"column":null}},"line":56},"2":{"name":"(anonymous_2)","decl":{"start":{"line":66,"column":37},"end":{"line":66,"column":null}},"loc":{"start":{"line":66,"column":37},"end":{"line":72,"column":null}},"line":66},"3":{"name":"(anonymous_3)","decl":{"start":{"line":94,"column":12},"end":{"line":94,"column":13}},"loc":{"start":{"line":94,"column":44},"end":{"line":150,"column":null}},"line":94},"4":{"name":"(anonymous_4)","decl":{"start":{"line":153,"column":22},"end":{"line":153,"column":29}},"loc":{"start":{"line":153,"column":107},"end":{"line":196,"column":null}},"line":153},"5":{"name":"(anonymous_5)","decl":{"start":{"line":198,"column":26},"end":{"line":198,"column":27}},"loc":{"start":{"line":198,"column":41},"end":{"line":206,"column":null}},"line":198},"6":{"name":"(anonymous_6)","decl":{"start":{"line":208,"column":24},"end":{"line":208,"column":25}},"loc":{"start":{"line":208,"column":91},"end":{"line":213,"column":null}},"line":208},"7":{"name":"(anonymous_7)","decl":{"start":{"line":215,"column":23},"end":{"line":215,"column":24}},"loc":{"start":{"line":215,"column":88},"end":{"line":217,"column":null}},"line":215},"8":{"name":"(anonymous_8)","decl":{"start":{"line":219,"column":25},"end":{"line":219,"column":26}},"loc":{"start":{"line":219,"column":109},"end":{"line":224,"column":null}},"line":219},"9":{"name":"(anonymous_9)","decl":{"start":{"line":229,"column":4},"end":{"line":229,"column":14}},"loc":{"start":{"line":229,"column":23},"end":{"line":235,"column":null}},"line":229},"10":{"name":"(anonymous_10)","decl":{"start":{"line":238,"column":4},"end":{"line":238,"column":10}},"loc":{"start":{"line":238,"column":29},"end":{"line":240,"column":null}},"line":238},"11":{"name":"(anonymous_11)","decl":{"start":{"line":242,"column":4},"end":{"line":242,"column":9}},"loc":{"start":{"line":242,"column":28},"end":{"line":244,"column":null}},"line":242},"12":{"name":"(anonymous_12)","decl":{"start":{"line":246,"column":4},"end":{"line":246,"column":9}},"loc":{"start":{"line":246,"column":28},"end":{"line":248,"column":null}},"line":246},"13":{"name":"(anonymous_13)","decl":{"start":{"line":250,"column":4},"end":{"line":250,"column":10}},"loc":{"start":{"line":250,"column":33},"end":{"line":252,"column":null}},"line":250},"14":{"name":"(anonymous_14)","decl":{"start":{"line":255,"column":10},"end":{"line":255,"column":27}},"loc":{"start":{"line":255,"column":70},"end":{"line":260,"column":null}},"line":255},"15":{"name":"(anonymous_15)","decl":{"start":{"line":262,"column":10},"end":{"line":262,"column":27}},"loc":{"start":{"line":262,"column":55},"end":{"line":264,"column":null}},"line":262},"16":{"name":"(anonymous_16)","decl":{"start":{"line":266,"column":10},"end":{"line":266,"column":26}},"loc":{"start":{"line":266,"column":49},"end":{"line":268,"column":null}},"line":266},"17":{"name":"(anonymous_17)","decl":{"start":{"line":270,"column":10},"end":{"line":270,"column":22}},"loc":{"start":{"line":270,"column":56},"end":{"line":272,"column":null}},"line":270},"18":{"name":"(anonymous_18)","decl":{"start":{"line":274,"column":10},"end":{"line":274,"column":28}},"loc":{"start":{"line":274,"column":66},"end":{"line":279,"column":null}},"line":274},"19":{"name":"(anonymous_19)","decl":{"start":{"line":281,"column":10},"end":{"line":281,"column":28}},"loc":{"start":{"line":281,"column":53},"end":{"line":283,"column":null}},"line":281},"20":{"name":"(anonymous_20)","decl":{"start":{"line":285,"column":10},"end":{"line":285,"column":28}},"loc":{"start":{"line":285,"column":45},"end":{"line":287,"column":null}},"line":285},"21":{"name":"(anonymous_21)","decl":{"start":{"line":290,"column":10},"end":{"line":290,"column":null}},"loc":{"start":{"line":290,"column":10},"end":{"line":292,"column":null}},"line":290},"22":{"name":"(anonymous_22)","decl":{"start":{"line":294,"column":10},"end":{"line":294,"column":26}},"loc":{"start":{"line":294,"column":31},"end":{"line":297,"column":null}},"line":294},"23":{"name":"(anonymous_23)","decl":{"start":{"line":299,"column":10},"end":{"line":299,"column":27}},"loc":{"start":{"line":299,"column":37},"end":{"line":302,"column":null}},"line":299},"24":{"name":"(anonymous_24)","decl":{"start":{"line":305,"column":4},"end":{"line":305,"column":null}},"loc":{"start":{"line":305,"column":4},"end":{"line":314,"column":null}},"line":305},"25":{"name":"(anonymous_25)","decl":{"start":{"line":316,"column":4},"end":{"line":316,"column":null}},"loc":{"start":{"line":316,"column":4},"end":{"line":320,"column":null}},"line":316},"26":{"name":"(anonymous_26)","decl":{"start":{"line":317,"column":37},"end":{"line":317,"column":null}},"loc":{"start":{"line":317,"column":37},"end":{"line":319,"column":null}},"line":317},"27":{"name":"(anonymous_27)","decl":{"start":{"line":323,"column":10},"end":{"line":323,"column":null}},"loc":{"start":{"line":323,"column":10},"end":{"line":346,"column":null}},"line":323},"28":{"name":"(anonymous_28)","decl":{"start":{"line":326,"column":62},"end":{"line":326,"column":63}},"loc":{"start":{"line":326,"column":76},"end":{"line":326,"column":92}},"line":326},"29":{"name":"(anonymous_29)","decl":{"start":{"line":349,"column":4},"end":{"line":349,"column":13}},"loc":{"start":{"line":349,"column":42},"end":{"line":358,"column":null}},"line":349},"30":{"name":"(anonymous_30)","decl":{"start":{"line":361,"column":4},"end":{"line":361,"column":20}},"loc":{"start":{"line":361,"column":38},"end":{"line":363,"column":null}},"line":361},"31":{"name":"(anonymous_31)","decl":{"start":{"line":366,"column":4},"end":{"line":366,"column":null}},"loc":{"start":{"line":366,"column":4},"end":{"line":369,"column":null}},"line":366}},"branchMap":{"0":{"loc":{"start":{"line":40,"column":4},"end":{"line":53,"column":null}},"type":"if","locations":[{"start":{"line":40,"column":4},"end":{"line":53,"column":null}},{"start":{},"end":{}}],"line":40},"1":{"loc":{"start":{"line":57,"column":4},"end":{"line":57,"column":null}},"type":"if","locations":[{"start":{"line":57,"column":4},"end":{"line":57,"column":null}},{"start":{},"end":{}}],"line":57},"2":{"loc":{"start":{"line":62,"column":8},"end":{"line":81,"column":null}},"type":"if","locations":[{"start":{"line":62,"column":8},"end":{"line":81,"column":null}},{"start":{"line":79,"column":15},"end":{"line":81,"column":null}}],"line":62},"3":{"loc":{"start":{"line":94,"column":29},"end":{"line":94,"column":44}},"type":"default-arg","locations":[{"start":{"line":94,"column":42},"end":{"line":94,"column":44}}],"line":94},"4":{"loc":{"start":{"line":95,"column":4},"end":{"line":95,"column":null}},"type":"if","locations":[{"start":{"line":95,"column":4},"end":{"line":95,"column":null}},{"start":{},"end":{}}],"line":95},"5":{"loc":{"start":{"line":97,"column":4},"end":{"line":97,"column":null}},"type":"if","locations":[{"start":{"line":97,"column":4},"end":{"line":97,"column":null}},{"start":{},"end":{}}],"line":97},"6":{"loc":{"start":{"line":101,"column":20},"end":{"line":101,"column":null}},"type":"binary-expr","locations":[{"start":{"line":101,"column":20},"end":{"line":101,"column":54}},{"start":{"line":101,"column":54},"end":{"line":101,"column":null}}],"line":101},"7":{"loc":{"start":{"line":102,"column":19},"end":{"line":102,"column":null}},"type":"binary-expr","locations":[{"start":{"line":102,"column":19},"end":{"line":102,"column":52}},{"start":{"line":102,"column":52},"end":{"line":102,"column":null}}],"line":102},"8":{"loc":{"start":{"line":118,"column":4},"end":{"line":136,"column":null}},"type":"switch","locations":[{"start":{"line":119,"column":8},"end":{"line":121,"column":null}},{"start":{"line":122,"column":8},"end":{"line":124,"column":null}},{"start":{"line":125,"column":8},"end":{"line":127,"column":null}},{"start":{"line":128,"column":8},"end":{"line":135,"column":null}}],"line":118},"9":{"loc":{"start":{"line":141,"column":21},"end":{"line":141,"column":53}},"type":"cond-expr","locations":[{"start":{"line":141,"column":30},"end":{"line":141,"column":51}},{"start":{"line":141,"column":51},"end":{"line":141,"column":53}}],"line":141},"10":{"loc":{"start":{"line":153,"column":90},"end":{"line":153,"column":107}},"type":"default-arg","locations":[{"start":{"line":153,"column":105},"end":{"line":153,"column":107}}],"line":153},"11":{"loc":{"start":{"line":154,"column":4},"end":{"line":154,"column":null}},"type":"if","locations":[{"start":{"line":154,"column":4},"end":{"line":154,"column":null}},{"start":{},"end":{}}],"line":154},"12":{"loc":{"start":{"line":154,"column":8},"end":{"line":154,"column":68}},"type":"binary-expr","locations":[{"start":{"line":154,"column":8},"end":{"line":154,"column":23}},{"start":{"line":154,"column":27},"end":{"line":154,"column":53}},{"start":{"line":154,"column":53},"end":{"line":154,"column":68}}],"line":154},"13":{"loc":{"start":{"line":172,"column":30},"end":{"line":172,"column":null}},"type":"cond-expr","locations":[{"start":{"line":172,"column":59},"end":{"line":172,"column":77}},{"start":{"line":172,"column":80},"end":{"line":172,"column":null}}],"line":172},"14":{"loc":{"start":{"line":208,"column":74},"end":{"line":208,"column":91}},"type":"default-arg","locations":[{"start":{"line":208,"column":89},"end":{"line":208,"column":91}}],"line":208},"15":{"loc":{"start":{"line":215,"column":71},"end":{"line":215,"column":88}},"type":"default-arg","locations":[{"start":{"line":215,"column":86},"end":{"line":215,"column":88}}],"line":215},"16":{"loc":{"start":{"line":219,"column":92},"end":{"line":219,"column":109}},"type":"default-arg","locations":[{"start":{"line":219,"column":107},"end":{"line":219,"column":109}}],"line":219},"17":{"loc":{"start":{"line":231,"column":8},"end":{"line":233,"column":null}},"type":"if","locations":[{"start":{"line":231,"column":8},"end":{"line":233,"column":null}},{"start":{},"end":{}}],"line":231},"18":{"loc":{"start":{"line":250,"column":19},"end":{"line":250,"column":33}},"type":"default-arg","locations":[{"start":{"line":250,"column":31},"end":{"line":250,"column":33}}],"line":250},"19":{"loc":{"start":{"line":295,"column":8},"end":{"line":295,"column":null}},"type":"if","locations":[{"start":{"line":295,"column":8},"end":{"line":295,"column":null}},{"start":{},"end":{}}],"line":295},"20":{"loc":{"start":{"line":300,"column":8},"end":{"line":300,"column":null}},"type":"if","locations":[{"start":{"line":300,"column":8},"end":{"line":300,"column":null}},{"start":{},"end":{}}],"line":300},"21":{"loc":{"start":{"line":309,"column":25},"end":{"line":312,"column":null}},"type":"cond-expr","locations":[{"start":{"line":309,"column":55},"end":{"line":312,"column":16}},{"start":{"line":312,"column":16},"end":{"line":312,"column":null}}],"line":309},"22":{"loc":{"start":{"line":325,"column":30},"end":{"line":325,"column":null}},"type":"cond-expr","locations":[{"start":{"line":325,"column":45},"end":{"line":325,"column":84}},{"start":{"line":325,"column":84},"end":{"line":325,"column":null}}],"line":325},"23":{"loc":{"start":{"line":361,"column":20},"end":{"line":361,"column":38}},"type":"default-arg","locations":[{"start":{"line":361,"column":36},"end":{"line":361,"column":38}}],"line":361}},"s":{"0":1,"1":1,"2":1,"3":1,"4":1,"5":1,"6":1,"7":1,"8":1,"9":1,"10":1,"11":1,"12":1,"13":0,"14":1,"15":1,"16":1,"17":0,"18":0,"19":0,"20":0,"21":0,"22":1,"23":0,"24":1,"25":1,"26":1,"27":1,"28":2,"29":0,"30":2,"31":0,"32":2,"33":2,"34":2,"35":2,"36":2,"37":2,"38":0,"39":0,"40":0,"41":0,"42":0,"43":0,"44":2,"45":2,"46":2,"47":2,"48":2,"49":2,"50":2,"51":2,"52":2,"53":0,"54":1,"55":0,"56":0,"57":0,"58":0,"59":0,"60":0,"61":0,"62":0,"63":0,"64":0,"65":0,"66":0,"67":0,"68":0,"69":0,"70":1,"71":0,"72":0,"73":1,"74":0,"75":1,"76":0,"77":1,"78":0,"79":1,"80":0,"81":0,"82":0,"83":0,"84":0,"85":0,"86":0,"87":2,"88":0,"89":0,"90":0,"91":0,"92":0,"93":0,"94":0,"95":0,"96":0,"97":0,"98":0,"99":0,"100":0,"101":0,"102":0,"103":0,"104":0,"105":0,"106":0,"107":0,"108":0,"109":0,"110":0,"111":2,"112":2,"113":2,"114":0,"115":0,"116":0},"f":{"0":1,"1":1,"2":0,"3":2,"4":0,"5":0,"6":0,"7":0,"8":0,"9":0,"10":0,"11":0,"12":0,"13":2,"14":0,"15":0,"16":0,"17":0,"18":0,"19":0,"20":0,"21":0,"22":0,"23":0,"24":0,"25":0,"26":0,"27":0,"28":0,"29":2,"30":0,"31":0},"b":{"0":[1,0],"1":[0,1],"2":[0,1],"3":[2],"4":[0,2],"5":[0,2],"6":[2,2],"7":[2,2],"8":[0,0,0,2],"9":[0,2],"10":[0],"11":[0,0],"12":[0,0,0],"13":[0,0],"14":[0],"15":[0],"16":[0],"17":[0,0],"18":[2],"19":[0,0],"20":[0,0],"21":[0,0],"22":[0,0],"23":[0]},"meta":{"lastBranch":24,"lastFunction":32,"lastStatement":117,"seen":{"s:10:13:15:Infinity":0,"s:18:21:21:Infinity":1,"s:24:16:32:Infinity":2,"s:35:58:35:Infinity":3,"s:36:46:36:Infinity":4,"s:39:33:54:Infinity":5,"f:39:33:39:Infinity":0,"b:40:4:53:Infinity:undefined:undefined:undefined:undefined":0,"s:40:4:53:Infinity":6,"s:41:8:45:Infinity":7,"s:47:8:47:Infinity":8,"s:50:8:50:Infinity":9,"s:52:8:52:Infinity":10,"s:56:29:85:Infinity":11,"f:56:29:56:Infinity":1,"b:57:4:57:Infinity:undefined:undefined:undefined:undefined":1,"s:57:4:57:Infinity":12,"s:57:23:57:Infinity":13,"s:59:4:84:Infinity":14,"s:60:26:60:Infinity":15,"b:62:8:81:Infinity:79:15:81:Infinity":2,"s:62:8:81:Infinity":16,"s:63:12:63:Infinity":17,"s:66:12:72:Infinity":18,"f:66:37:66:Infinity":2,"s:67:16:71:Infinity":19,"s:75:26:77:Infinity":20,"s:78:12:78:Infinity":21,"s:80:12:80:Infinity":22,"s:83:8:83:Infinity":23,"s:88:0:88:Infinity":24,"s:89:0:89:Infinity":25,"s:92:19:92:Infinity":26,"s:94:12:150:Infinity":27,"f:94:12:94:13":3,"b:94:42:94:44":3,"b:95:4:95:Infinity:undefined:undefined:undefined:undefined":4,"s:95:4:95:Infinity":28,"s:95:25:95:Infinity":29,"b:97:4:97:Infinity:undefined:undefined:undefined:undefined":5,"s:97:4:97:Infinity":30,"s:97:57:97:Infinity":31,"s:100:17:100:23":32,"s:101:20:101:Infinity":33,"b:101:20:101:54:101:54:101:Infinity":6,"s:102:19:102:Infinity":34,"b:102:19:102:52:102:52:102:Infinity":7,"s:104:21:113:Infinity":35,"s:116:29:116:75":36,"b:119:8:121:Infinity:122:8:124:Infinity:125:8:127:Infinity:128:8:135:Infinity":8,"s:118:4:136:Infinity":37,"s:120:12:120:Infinity":38,"s:121:12:121:Infinity":39,"s:123:12:123:Infinity":40,"s:124:12:124:Infinity":41,"s:126:12:126:Infinity":42,"s:127:12:127:Infinity":43,"s:129:12:129:Infinity":44,"s:131:12:134:Infinity":45,"s:135:12:135:Infinity":46,"s:139:4:149:Infinity":47,"s:140:23:140:Infinity":48,"s:141:21:141:53":49,"b:141:30:141:51:141:51:141:53":9,"s:142:8:142:Infinity":50,"s:145:27:145:Infinity":51,"s:146:8:146:Infinity":52,"s:148:8:148:Infinity":53,"s:153:22:196:Infinity":54,"f:153:22:153:29":4,"b:153:105:153:107":10,"b:154:4:154:Infinity:undefined:undefined:undefined:undefined":11,"s:154:4:154:Infinity":55,"b:154:8:154:23:154:27:154:53:154:53:154:68":12,"s:154:68:154:Infinity":56,"s:156:4:195:Infinity":57,"s:157:39:165:Infinity":58,"s:168:28:168:Infinity":59,"s:171:32:171:Infinity":60,"s:172:30:172:Infinity":61,"b:172:59:172:77:172:80:172:Infinity":13,"s:173:8:173:Infinity":62,"s:176:8:176:Infinity":63,"s:179:8:182:Infinity":64,"s:184:8:184:Infinity":65,"s:187:22:189:Infinity":66,"s:190:8:190:Infinity":67,"s:193:8:193:Infinity":68,"s:194:8:194:Infinity":69,"s:198:26:206:Infinity":70,"f:198:26:198:27":5,"s:199:4:203:Infinity":71,"s:205:4:205:Infinity":72,"s:208:24:213:Infinity":73,"f:208:24:208:25":6,"b:208:89:208:91":14,"s:209:4:212:Infinity":74,"s:215:23:217:Infinity":75,"f:215:23:215:24":7,"b:215:86:215:88":15,"s:216:4:216:Infinity":76,"s:219:25:224:Infinity":77,"f:219:25:219:26":8,"b:219:107:219:109":16,"s:220:4:223:Infinity":78,"s:227:36:370:Infinity":79,"f:229:4:229:14":9,"s:230:8:230:Infinity":80,"b:231:8:233:Infinity:undefined:undefined:undefined:undefined":17,"s:231:8:233:Infinity":81,"s:232:12:232:Infinity":82,"s:234:8:234:Infinity":83,"f:238:4:238:10":10,"s:239:8:239:Infinity":84,"f:242:4:242:9":11,"s:243:8:243:Infinity":85,"f:246:4:246:9":12,"s:247:8:247:Infinity":86,"f:250:4:250:10":13,"b:250:31:250:33":18,"s:251:8:251:Infinity":87,"f:255:10:255:27":14,"s:256:8:259:Infinity":88,"f:262:10:262:27":15,"s:263:8:263:Infinity":89,"f:266:10:266:26":16,"s:267:8:267:Infinity":90,"f:270:10:270:22":17,"s:271:8:271:Infinity":91,"f:274:10:274:28":18,"s:275:8:278:Infinity":92,"f:281:10:281:28":19,"s:282:8:282:Infinity":93,"f:285:10:285:28":20,"s:286:8:286:Infinity":94,"f:290:10:290:Infinity":21,"s:291:8:291:Infinity":95,"f:294:10:294:26":22,"b:295:8:295:Infinity:undefined:undefined:undefined:undefined":19,"s:295:8:295:Infinity":96,"s:295:27:295:Infinity":97,"s:296:8:296:Infinity":98,"f:299:10:299:27":23,"b:300:8:300:Infinity:undefined:undefined:undefined:undefined":20,"s:300:8:300:Infinity":99,"s:300:27:300:Infinity":100,"s:301:8:301:Infinity":101,"f:305:4:305:Infinity":24,"s:306:8:313:Infinity":102,"b:309:55:312:16:312:16:312:Infinity":21,"f:316:4:316:Infinity":25,"s:317:8:319:Infinity":103,"f:317:37:317:Infinity":26,"s:318:12:318:Infinity":104,"f:323:10:323:Infinity":27,"s:324:8:345:Infinity":105,"s:325:30:325:Infinity":106,"b:325:45:325:84:325:84:325:Infinity":22,"s:326:32:326:Infinity":107,"f:326:62:326:63":28,"s:326:76:326:92":108,"s:328:12:338:Infinity":109,"s:340:12:344:Infinity":110,"f:349:4:349:13":29,"s:350:24:350:86":111,"s:351:8:356:Infinity":112,"s:357:8:357:Infinity":113,"f:361:4:361:20":30,"b:361:36:361:38":23,"s:362:8:362:Infinity":114,"f:366:4:366:Infinity":31,"s:367:8:367:Infinity":115,"s:368:8:368:Infinity":116}}}
,"/Users/loweryr/git/github/rhlowery/unity-catalog-access-request-ui/src/services/audit/AuditIntegrityManager2.ts": {"path":"/Users/loweryr/git/github/rhlowery/unity-catalog-access-request-ui/src/services/audit/AuditIntegrityManager2.ts","statementMap":{"0":{"start":{"line":3,"column":45},"end":{"line":9,"column":null}},"1":{"start":{"line":19,"column":4},"end":{"line":21,"column":null}},"2":{"start":{"line":20,"column":6},"end":{"line":20,"column":null}},"3":{"start":{"line":23,"column":4},"end":{"line":31,"column":null}},"4":{"start":{"line":24,"column":28},"end":{"line":24,"column":null}},"5":{"start":{"line":26,"column":24},"end":{"line":26,"column":null}},"6":{"start":{"line":27,"column":6},"end":{"line":27,"column":null}},"7":{"start":{"line":29,"column":6},"end":{"line":29,"column":null}},"8":{"start":{"line":30,"column":6},"end":{"line":30,"column":null}},"9":{"start":{"line":35,"column":4},"end":{"line":37,"column":null}},"10":{"start":{"line":36,"column":6},"end":{"line":36,"column":19}},"11":{"start":{"line":39,"column":4},"end":{"line":47,"column":null}},"12":{"start":{"line":40,"column":28},"end":{"line":40,"column":null}},"13":{"start":{"line":41,"column":32},"end":{"line":41,"column":null}},"14":{"start":{"line":43,"column":6},"end":{"line":43,"column":null}},"15":{"start":{"line":45,"column":6},"end":{"line":45,"column":null}},"16":{"start":{"line":46,"column":6},"end":{"line":46,"column":null}},"17":{"start":{"line":51,"column":4},"end":{"line":53,"column":null}},"18":{"start":{"line":52,"column":6},"end":{"line":52,"column":null}},"19":{"start":{"line":55,"column":4},"end":{"line":68,"column":null}},"20":{"start":{"line":56,"column":23},"end":{"line":56,"column":null}},"21":{"start":{"line":58,"column":17},"end":{"line":58,"column":null}},"22":{"start":{"line":59,"column":6},"end":{"line":63,"column":null}},"23":{"start":{"line":59,"column":19},"end":{"line":59,"column":22}},"24":{"start":{"line":60,"column":21},"end":{"line":60,"column":null}},"25":{"start":{"line":61,"column":8},"end":{"line":61,"column":null}},"26":{"start":{"line":62,"column":8},"end":{"line":62,"column":null}},"27":{"start":{"line":64,"column":6},"end":{"line":64,"column":null}},"28":{"start":{"line":66,"column":6},"end":{"line":66,"column":null}},"29":{"start":{"line":67,"column":6},"end":{"line":67,"column":null}},"30":{"start":{"line":72,"column":4},"end":{"line":74,"column":null}},"31":{"start":{"line":73,"column":6},"end":{"line":73,"column":null}},"32":{"start":{"line":77,"column":4},"end":{"line":79,"column":null}},"33":{"start":{"line":78,"column":6},"end":{"line":78,"column":null}},"34":{"start":{"line":82,"column":4},"end":{"line":82,"column":null}},"35":{"start":{"line":86,"column":38},"end":{"line":86,"column":40}},"36":{"start":{"line":88,"column":4},"end":{"line":108,"column":null}},"37":{"start":{"line":88,"column":17},"end":{"line":88,"column":20}},"38":{"start":{"line":89,"column":20},"end":{"line":89,"column":30}},"39":{"start":{"line":92,"column":6},"end":{"line":99,"column":null}},"40":{"start":{"line":94,"column":8},"end":{"line":98,"column":null}},"41":{"start":{"line":95,"column":10},"end":{"line":97,"column":null}},"42":{"start":{"line":96,"column":12},"end":{"line":96,"column":null}},"43":{"start":{"line":102,"column":6},"end":{"line":107,"column":null}},"44":{"start":{"line":103,"column":30},"end":{"line":103,"column":44}},"45":{"start":{"line":104,"column":8},"end":{"line":106,"column":null}},"46":{"start":{"line":105,"column":10},"end":{"line":105,"column":null}},"47":{"start":{"line":110,"column":4},"end":{"line":113,"column":null}},"48":{"start":{"line":117,"column":24},"end":{"line":117,"column":null}},"49":{"start":{"line":120,"column":4},"end":{"line":122,"column":null}},"50":{"start":{"line":121,"column":6},"end":{"line":121,"column":null}},"51":{"start":{"line":125,"column":4},"end":{"line":127,"column":null}},"52":{"start":{"line":126,"column":6},"end":{"line":126,"column":null}},"53":{"start":{"line":129,"column":4},"end":{"line":129,"column":null}},"54":{"start":{"line":134,"column":4},"end":{"line":142,"column":null}},"55":{"start":{"line":147,"column":17},"end":{"line":156,"column":null}},"56":{"start":{"line":158,"column":4},"end":{"line":158,"column":null}},"57":{"start":{"line":12,"column":2},"end":{"line":12,"column":10}},"58":{"start":{"line":15,"column":4},"end":{"line":15,"column":null}}},"fnMap":{"0":{"name":"(anonymous_0)","decl":{"start":{"line":18,"column":2},"end":{"line":18,"column":12}},"loc":{"start":{"line":18,"column":39},"end":{"line":32,"column":null}},"line":18},"1":{"name":"(anonymous_1)","decl":{"start":{"line":34,"column":8},"end":{"line":34,"column":20}},"loc":{"start":{"line":34,"column":57},"end":{"line":48,"column":null}},"line":34},"2":{"name":"(anonymous_2)","decl":{"start":{"line":50,"column":2},"end":{"line":50,"column":16}},"loc":{"start":{"line":50,"column":43},"end":{"line":69,"column":null}},"line":50},"3":{"name":"(anonymous_3)","decl":{"start":{"line":71,"column":2},"end":{"line":71,"column":15}},"loc":{"start":{"line":71,"column":81},"end":{"line":83,"column":null}},"line":71},"4":{"name":"(anonymous_4)","decl":{"start":{"line":85,"column":2},"end":{"line":85,"column":18}},"loc":{"start":{"line":85,"column":91},"end":{"line":114,"column":null}},"line":85},"5":{"name":"(anonymous_5)","decl":{"start":{"line":94,"column":37},"end":{"line":94,"column":null}},"loc":{"start":{"line":94,"column":37},"end":{"line":98,"column":null}},"line":94},"6":{"name":"(anonymous_6)","decl":{"start":{"line":116,"column":2},"end":{"line":116,"column":17}},"loc":{"start":{"line":116,"column":48},"end":{"line":130,"column":null}},"line":116},"7":{"name":"(anonymous_7)","decl":{"start":{"line":132,"column":10},"end":{"line":132,"column":27}},"loc":{"start":{"line":132,"column":54},"end":{"line":143,"column":null}},"line":132},"8":{"name":"(anonymous_8)","decl":{"start":{"line":145,"column":10},"end":{"line":145,"column":22}},"loc":{"start":{"line":145,"column":49},"end":{"line":159,"column":null}},"line":145},"9":{"name":"(anonymous_9)","decl":{"start":{"line":14,"column":2},"end":{"line":14,"column":14}},"loc":{"start":{"line":14,"column":58},"end":{"line":16,"column":null}},"line":14}},"branchMap":{"0":{"loc":{"start":{"line":19,"column":4},"end":{"line":21,"column":null}},"type":"if","locations":[{"start":{"line":19,"column":4},"end":{"line":21,"column":null}},{"start":{},"end":{}}],"line":19},"1":{"loc":{"start":{"line":35,"column":4},"end":{"line":37,"column":null}},"type":"if","locations":[{"start":{"line":35,"column":4},"end":{"line":37,"column":null}},{"start":{},"end":{}}],"line":35},"2":{"loc":{"start":{"line":35,"column":8},"end":{"line":35,"column":64}},"type":"binary-expr","locations":[{"start":{"line":35,"column":8},"end":{"line":35,"column":44}},{"start":{"line":35,"column":48},"end":{"line":35,"column":64}}],"line":35},"3":{"loc":{"start":{"line":51,"column":4},"end":{"line":53,"column":null}},"type":"if","locations":[{"start":{"line":51,"column":4},"end":{"line":53,"column":null}},{"start":{},"end":{}}],"line":51},"4":{"loc":{"start":{"line":72,"column":4},"end":{"line":74,"column":null}},"type":"if","locations":[{"start":{"line":72,"column":4},"end":{"line":74,"column":null}},{"start":{},"end":{}}],"line":72},"5":{"loc":{"start":{"line":77,"column":4},"end":{"line":79,"column":null}},"type":"if","locations":[{"start":{"line":77,"column":4},"end":{"line":79,"column":null}},{"start":{},"end":{}}],"line":77},"6":{"loc":{"start":{"line":92,"column":6},"end":{"line":99,"column":null}},"type":"if","locations":[{"start":{"line":92,"column":6},"end":{"line":99,"column":null}},{"start":{},"end":{}}],"line":92},"7":{"loc":{"start":{"line":92,"column":10},"end":{"line":92,"column":64}},"type":"binary-expr","locations":[{"start":{"line":92,"column":10},"end":{"line":92,"column":45}},{"start":{"line":92,"column":49},"end":{"line":92,"column":64}}],"line":92},"8":{"loc":{"start":{"line":95,"column":10},"end":{"line":97,"column":null}},"type":"if","locations":[{"start":{"line":95,"column":10},"end":{"line":97,"column":null}},{"start":{},"end":{}}],"line":95},"9":{"loc":{"start":{"line":102,"column":6},"end":{"line":107,"column":null}},"type":"if","locations":[{"start":{"line":102,"column":6},"end":{"line":107,"column":null}},{"start":{},"end":{}}],"line":102},"10":{"loc":{"start":{"line":102,"column":10},"end":{"line":102,"column":51}},"type":"binary-expr","locations":[{"start":{"line":102,"column":10},"end":{"line":102,"column":40}},{"start":{"line":102,"column":44},"end":{"line":102,"column":51}}],"line":102},"11":{"loc":{"start":{"line":104,"column":8},"end":{"line":106,"column":null}},"type":"if","locations":[{"start":{"line":104,"column":8},"end":{"line":106,"column":null}},{"start":{},"end":{}}],"line":104},"12":{"loc":{"start":{"line":120,"column":4},"end":{"line":122,"column":null}},"type":"if","locations":[{"start":{"line":120,"column":4},"end":{"line":122,"column":null}},{"start":{},"end":{}}],"line":120},"13":{"loc":{"start":{"line":125,"column":4},"end":{"line":127,"column":null}},"type":"if","locations":[{"start":{"line":125,"column":4},"end":{"line":127,"column":null}},{"start":{},"end":{}}],"line":125},"14":{"loc":{"start":{"line":141,"column":21},"end":{"line":141,"column":null}},"type":"binary-expr","locations":[{"start":{"line":141,"column":21},"end":{"line":141,"column":34}},{"start":{"line":141,"column":38},"end":{"line":141,"column":null}}],"line":141},"15":{"loc":{"start":{"line":154,"column":21},"end":{"line":154,"column":null}},"type":"binary-expr","locations":[{"start":{"line":154,"column":21},"end":{"line":154,"column":34}},{"start":{"line":154,"column":38},"end":{"line":154,"column":null}}],"line":154},"16":{"loc":{"start":{"line":155,"column":6},"end":{"line":155,"column":null}},"type":"binary-expr","locations":[{"start":{"line":155,"column":6},"end":{"line":155,"column":24}},{"start":{"line":155,"column":28},"end":{"line":155,"column":null}}],"line":155},"17":{"loc":{"start":{"line":14,"column":14},"end":{"line":14,"column":56}},"type":"default-arg","locations":[{"start":{"line":14,"column":54},"end":{"line":14,"column":56}}],"line":14}},"s":{"0":1,"1":0,"2":0,"3":0,"4":0,"5":0,"6":0,"7":0,"8":0,"9":0,"10":0,"11":0,"12":0,"13":0,"14":0,"15":0,"16":0,"17":0,"18":0,"19":0,"20":0,"21":0,"22":0,"23":0,"24":0,"25":0,"26":0,"27":0,"28":0,"29":0,"30":0,"31":0,"32":0,"33":0,"34":0,"35":0,"36":0,"37":0,"38":0,"39":0,"40":0,"41":0,"42":0,"43":0,"44":0,"45":0,"46":0,"47":0,"48":0,"49":0,"50":0,"51":0,"52":0,"53":0,"54":0,"55":0,"56":0,"57":1,"58":1},"f":{"0":0,"1":0,"2":0,"3":0,"4":0,"5":0,"6":0,"7":0,"8":0,"9":1},"b":{"0":[0,0],"1":[0,0],"2":[0,0],"3":[0,0],"4":[0,0],"5":[0,0],"6":[0,0],"7":[0,0],"8":[0,0],"9":[0,0],"10":[0,0],"11":[0,0],"12":[0,0],"13":[0,0],"14":[0,0],"15":[0,0],"16":[0,0],"17":[1]},"meta":{"lastBranch":18,"lastFunction":10,"lastStatement":59,"seen":{"s:3:45:9:Infinity":0,"f:18:2:18:12":0,"b:19:4:21:Infinity:undefined:undefined:undefined:undefined":0,"s:19:4:21:Infinity":1,"s:20:6:20:Infinity":2,"s:23:4:31:Infinity":3,"s:24:28:24:Infinity":4,"s:26:24:26:Infinity":5,"s:27:6:27:Infinity":6,"s:29:6:29:Infinity":7,"s:30:6:30:Infinity":8,"f:34:8:34:20":1,"b:35:4:37:Infinity:undefined:undefined:undefined:undefined":1,"s:35:4:37:Infinity":9,"b:35:8:35:44:35:48:35:64":2,"s:36:6:36:19":10,"s:39:4:47:Infinity":11,"s:40:28:40:Infinity":12,"s:41:32:41:Infinity":13,"s:43:6:43:Infinity":14,"s:45:6:45:Infinity":15,"s:46:6:46:Infinity":16,"f:50:2:50:16":2,"b:51:4:53:Infinity:undefined:undefined:undefined:undefined":3,"s:51:4:53:Infinity":17,"s:52:6:52:Infinity":18,"s:55:4:68:Infinity":19,"s:56:23:56:Infinity":20,"s:58:17:58:Infinity":21,"s:59:6:63:Infinity":22,"s:59:19:59:22":23,"s:60:21:60:Infinity":24,"s:61:8:61:Infinity":25,"s:62:8:62:Infinity":26,"s:64:6:64:Infinity":27,"s:66:6:66:Infinity":28,"s:67:6:67:Infinity":29,"f:71:2:71:15":3,"b:72:4:74:Infinity:undefined:undefined:undefined:undefined":4,"s:72:4:74:Infinity":30,"s:73:6:73:Infinity":31,"b:77:4:79:Infinity:undefined:undefined:undefined:undefined":5,"s:77:4:79:Infinity":32,"s:78:6:78:Infinity":33,"s:82:4:82:Infinity":34,"f:85:2:85:18":4,"s:86:38:86:40":35,"s:88:4:108:Infinity":36,"s:88:17:88:20":37,"s:89:20:89:30":38,"b:92:6:99:Infinity:undefined:undefined:undefined:undefined":6,"s:92:6:99:Infinity":39,"b:92:10:92:45:92:49:92:64":7,"s:94:8:98:Infinity":40,"f:94:37:94:Infinity":5,"b:95:10:97:Infinity:undefined:undefined:undefined:undefined":8,"s:95:10:97:Infinity":41,"s:96:12:96:Infinity":42,"b:102:6:107:Infinity:undefined:undefined:undefined:undefined":9,"s:102:6:107:Infinity":43,"b:102:10:102:40:102:44:102:51":10,"s:103:30:103:44":44,"b:104:8:106:Infinity:undefined:undefined:undefined:undefined":11,"s:104:8:106:Infinity":45,"s:105:10:105:Infinity":46,"s:110:4:113:Infinity":47,"f:116:2:116:17":6,"s:117:24:117:Infinity":48,"b:120:4:122:Infinity:undefined:undefined:undefined:undefined":12,"s:120:4:122:Infinity":49,"s:121:6:121:Infinity":50,"b:125:4:127:Infinity:undefined:undefined:undefined:undefined":13,"s:125:4:127:Infinity":51,"s:126:6:126:Infinity":52,"s:129:4:129:Infinity":53,"f:132:10:132:27":7,"s:134:4:142:Infinity":54,"b:141:21:141:34:141:38:141:Infinity":14,"f:145:10:145:22":8,"s:147:17:156:Infinity":55,"b:154:21:154:34:154:38:154:Infinity":15,"b:155:6:155:24:155:28:155:Infinity":16,"s:158:4:158:Infinity":56,"f:14:2:14:14":9,"b:14:54:14:56":17,"s:12:2:12:10":57,"s:15:4:15:Infinity":58}}}
,"/Users/loweryr/git/github/rhlowery/unity-catalog-access-request-ui/src/services/audit/SecureAuditStorage.ts": {"path":"/Users/loweryr/git/github/rhlowery/unity-catalog-access-request-ui/src/services/audit/SecureAuditStorage.ts","statementMap":{"0":{"start":{"line":5,"column":19},"end":{"line":7,"column":null}},"1":{"start":{"line":6,"column":2},"end":{"line":6,"column":null}},"2":{"start":{"line":15,"column":4},"end":{"line":39,"column":null}},"3":{"start":{"line":16,"column":22},"end":{"line":16,"column":null}},"4":{"start":{"line":19,"column":23},"end":{"line":23,"column":null}},"5":{"start":{"line":25,"column":6},"end":{"line":25,"column":null}},"6":{"start":{"line":28,"column":6},"end":{"line":30,"column":null}},"7":{"start":{"line":29,"column":8},"end":{"line":29,"column":null}},"8":{"start":{"line":33,"column":25},"end":{"line":33,"column":null}},"9":{"start":{"line":34,"column":6},"end":{"line":34,"column":null}},"10":{"start":{"line":36,"column":6},"end":{"line":36,"column":null}},"11":{"start":{"line":38,"column":6},"end":{"line":38,"column":null}},"12":{"start":{"line":43,"column":4},"end":{"line":56,"column":null}},"13":{"start":{"line":44,"column":21},"end":{"line":44,"column":null}},"14":{"start":{"line":45,"column":6},"end":{"line":45,"column":null}},"15":{"start":{"line":45,"column":19},"end":{"line":45,"column":null}},"16":{"start":{"line":47,"column":22},"end":{"line":47,"column":null}},"17":{"start":{"line":50,"column":21},"end":{"line":50,"column":null}},"18":{"start":{"line":50,"column":44},"end":{"line":50,"column":69}},"19":{"start":{"line":52,"column":6},"end":{"line":52,"column":null}},"20":{"start":{"line":54,"column":6},"end":{"line":54,"column":null}},"21":{"start":{"line":55,"column":6},"end":{"line":55,"column":null}},"22":{"start":{"line":60,"column":4},"end":{"line":102,"column":null}},"23":{"start":{"line":61,"column":22},"end":{"line":61,"column":null}},"24":{"start":{"line":62,"column":31},"end":{"line":62,"column":33}},"25":{"start":{"line":65,"column":6},"end":{"line":72,"column":null}},"26":{"start":{"line":65,"column":19},"end":{"line":65,"column":22}},"27":{"start":{"line":66,"column":24},"end":{"line":66,"column":34}},"28":{"start":{"line":67,"column":25},"end":{"line":67,"column":39}},"29":{"start":{"line":69,"column":8},"end":{"line":71,"column":null}},"30":{"start":{"line":70,"column":10},"end":{"line":70,"column":null}},"31":{"start":{"line":75,"column":36},"end":{"line":75,"column":null}},"32":{"start":{"line":75,"column":56},"end":{"line":75,"column":67}},"33":{"start":{"line":76,"column":6},"end":{"line":79,"column":null}},"34":{"start":{"line":78,"column":8},"end":{"line":78,"column":null}},"35":{"start":{"line":82,"column":25},"end":{"line":82,"column":null}},"36":{"start":{"line":83,"column":29},"end":{"line":83,"column":null}},"37":{"start":{"line":85,"column":6},"end":{"line":87,"column":null}},"38":{"start":{"line":86,"column":8},"end":{"line":86,"column":null}},"39":{"start":{"line":90,"column":6},"end":{"line":90,"column":null}},"40":{"start":{"line":92,"column":6},"end":{"line":95,"column":null}},"41":{"start":{"line":97,"column":6},"end":{"line":97,"column":null}},"42":{"start":{"line":98,"column":6},"end":{"line":101,"column":null}},"43":{"start":{"line":106,"column":4},"end":{"line":124,"column":null}},"44":{"start":{"line":107,"column":22},"end":{"line":107,"column":null}},"45":{"start":{"line":108,"column":25},"end":{"line":108,"column":null}},"46":{"start":{"line":110,"column":28},"end":{"line":110,"column":42}},"47":{"start":{"line":111,"column":30},"end":{"line":111,"column":null}},"48":{"start":{"line":111,"column":54},"end":{"line":111,"column":null}},"49":{"start":{"line":114,"column":25},"end":{"line":114,"column":null}},"50":{"start":{"line":115,"column":6},"end":{"line":115,"column":null}},"51":{"start":{"line":117,"column":27},"end":{"line":117,"column":65}},"52":{"start":{"line":118,"column":6},"end":{"line":118,"column":null}},"53":{"start":{"line":120,"column":6},"end":{"line":120,"column":null}},"54":{"start":{"line":122,"column":6},"end":{"line":122,"column":null}},"55":{"start":{"line":123,"column":6},"end":{"line":123,"column":null}},"56":{"start":{"line":129,"column":4},"end":{"line":129,"column":null}},"57":{"start":{"line":133,"column":4},"end":{"line":137,"column":null}},"58":{"start":{"line":134,"column":6},"end":{"line":134,"column":null}},"59":{"start":{"line":136,"column":6},"end":{"line":136,"column":null}},"60":{"start":{"line":142,"column":17},"end":{"line":147,"column":null}},"61":{"start":{"line":142,"column":50},"end":{"line":147,"column":null}},"62":{"start":{"line":149,"column":15},"end":{"line":149,"column":null}},"63":{"start":{"line":150,"column":4},"end":{"line":154,"column":null}},"64":{"start":{"line":150,"column":17},"end":{"line":150,"column":20}},"65":{"start":{"line":151,"column":19},"end":{"line":151,"column":null}},"66":{"start":{"line":152,"column":6},"end":{"line":152,"column":null}},"67":{"start":{"line":153,"column":6},"end":{"line":153,"column":null}},"68":{"start":{"line":155,"column":4},"end":{"line":155,"column":null}},"69":{"start":{"line":10,"column":2},"end":{"line":10,"column":null}},"70":{"start":{"line":11,"column":2},"end":{"line":11,"column":null}},"71":{"start":{"line":12,"column":2},"end":{"line":12,"column":30}}},"fnMap":{"0":{"name":"(anonymous_0)","decl":{"start":{"line":5,"column":19},"end":{"line":5,"column":null}},"loc":{"start":{"line":5,"column":19},"end":{"line":7,"column":null}},"line":5},"1":{"name":"(anonymous_1)","decl":{"start":{"line":14,"column":8},"end":{"line":14,"column":19}},"loc":{"start":{"line":14,"column":53},"end":{"line":40,"column":null}},"line":14},"2":{"name":"(anonymous_2)","decl":{"start":{"line":42,"column":8},"end":{"line":42,"column":19}},"loc":{"start":{"line":42,"column":58},"end":{"line":57,"column":null}},"line":42},"3":{"name":"(anonymous_3)","decl":{"start":{"line":50,"column":34},"end":{"line":50,"column":35}},"loc":{"start":{"line":50,"column":44},"end":{"line":50,"column":69}},"line":50},"4":{"name":"(anonymous_4)","decl":{"start":{"line":59,"column":8},"end":{"line":59,"column":73}},"loc":{"start":{"line":59,"column":73},"end":{"line":103,"column":null}},"line":59},"5":{"name":"(anonymous_5)","decl":{"start":{"line":75,"column":51},"end":{"line":75,"column":56}},"loc":{"start":{"line":75,"column":56},"end":{"line":75,"column":67}},"line":75},"6":{"name":"(anonymous_6)","decl":{"start":{"line":105,"column":8},"end":{"line":105,"column":26}},"loc":{"start":{"line":105,"column":63},"end":{"line":125,"column":null}},"line":105},"7":{"name":"(anonymous_7)","decl":{"start":{"line":111,"column":45},"end":{"line":111,"column":54}},"loc":{"start":{"line":111,"column":54},"end":{"line":111,"column":null}},"line":111},"8":{"name":"(anonymous_8)","decl":{"start":{"line":127,"column":10},"end":{"line":127,"column":26}},"loc":{"start":{"line":127,"column":57},"end":{"line":130,"column":null}},"line":127},"9":{"name":"(anonymous_9)","decl":{"start":{"line":132,"column":10},"end":{"line":132,"column":28}},"loc":{"start":{"line":132,"column":62},"end":{"line":138,"column":null}},"line":132},"10":{"name":"(anonymous_10)","decl":{"start":{"line":140,"column":10},"end":{"line":140,"column":31}},"loc":{"start":{"line":140,"column":62},"end":{"line":156,"column":null}},"line":140},"11":{"name":"(anonymous_11)","decl":{"start":{"line":142,"column":44},"end":{"line":142,"column":50}},"loc":{"start":{"line":142,"column":50},"end":{"line":147,"column":null}},"line":142}},"branchMap":{"0":{"loc":{"start":{"line":21,"column":12},"end":{"line":21,"column":null}},"type":"binary-expr","locations":[{"start":{"line":21,"column":12},"end":{"line":21,"column":20}},{"start":{"line":21,"column":24},"end":{"line":21,"column":null}}],"line":21},"1":{"loc":{"start":{"line":22,"column":19},"end":{"line":22,"column":null}},"type":"binary-expr","locations":[{"start":{"line":22,"column":19},"end":{"line":22,"column":34}},{"start":{"line":22,"column":38},"end":{"line":22,"column":null}}],"line":22},"2":{"loc":{"start":{"line":28,"column":6},"end":{"line":30,"column":null}},"type":"if","locations":[{"start":{"line":28,"column":6},"end":{"line":30,"column":null}},{"start":{},"end":{}}],"line":28},"3":{"loc":{"start":{"line":45,"column":6},"end":{"line":45,"column":null}},"type":"if","locations":[{"start":{"line":45,"column":6},"end":{"line":45,"column":null}},{"start":{},"end":{}}],"line":45},"4":{"loc":{"start":{"line":52,"column":13},"end":{"line":52,"column":null}},"type":"cond-expr","locations":[{"start":{"line":52,"column":21},"end":{"line":52,"column":46}},{"start":{"line":52,"column":46},"end":{"line":52,"column":null}}],"line":52},"5":{"loc":{"start":{"line":69,"column":8},"end":{"line":71,"column":null}},"type":"if","locations":[{"start":{"line":69,"column":8},"end":{"line":71,"column":null}},{"start":{},"end":{}}],"line":69},"6":{"loc":{"start":{"line":69,"column":12},"end":{"line":69,"column":74}},"type":"binary-expr","locations":[{"start":{"line":69,"column":12},"end":{"line":69,"column":32}},{"start":{"line":69,"column":36},"end":{"line":69,"column":74}}],"line":69},"7":{"loc":{"start":{"line":76,"column":6},"end":{"line":79,"column":null}},"type":"if","locations":[{"start":{"line":76,"column":6},"end":{"line":79,"column":null}},{"start":{},"end":{}}],"line":76},"8":{"loc":{"start":{"line":85,"column":6},"end":{"line":87,"column":null}},"type":"if","locations":[{"start":{"line":85,"column":6},"end":{"line":87,"column":null}},{"start":{},"end":{}}],"line":85},"9":{"loc":{"start":{"line":85,"column":10},"end":{"line":85,"column":55}},"type":"binary-expr","locations":[{"start":{"line":85,"column":10},"end":{"line":85,"column":24}},{"start":{"line":85,"column":24},"end":{"line":85,"column":55}}],"line":85}},"s":{"0":1,"1":0,"2":0,"3":0,"4":0,"5":0,"6":0,"7":0,"8":0,"9":0,"10":0,"11":0,"12":1,"13":1,"14":1,"15":1,"16":0,"17":0,"18":0,"19":0,"20":0,"21":0,"22":1,"23":1,"24":1,"25":1,"26":1,"27":0,"28":0,"29":0,"30":0,"31":1,"32":0,"33":1,"34":0,"35":1,"36":1,"37":1,"38":0,"39":1,"40":1,"41":0,"42":0,"43":0,"44":0,"45":0,"46":0,"47":0,"48":0,"49":0,"50":0,"51":0,"52":0,"53":0,"54":0,"55":0,"56":0,"57":0,"58":0,"59":0,"60":1,"61":0,"62":1,"63":1,"64":1,"65":2,"66":2,"67":2,"68":1,"69":1,"70":1,"71":1},"f":{"0":0,"1":0,"2":1,"3":0,"4":1,"5":0,"6":0,"7":0,"8":0,"9":0,"10":1,"11":0},"b":{"0":[0,0],"1":[0,0],"2":[0,0],"3":[1,0],"4":[0,0],"5":[0,0],"6":[0,0],"7":[0,1],"8":[0,1],"9":[1,0]},"meta":{"lastBranch":10,"lastFunction":12,"lastStatement":72,"seen":{"s:5:19:7:Infinity":0,"f:5:19:5:Infinity":0,"s:6:2:6:Infinity":1,"f:14:8:14:19":1,"s:15:4:39:Infinity":2,"s:16:22:16:Infinity":3,"s:19:23:23:Infinity":4,"b:21:12:21:20:21:24:21:Infinity":0,"b:22:19:22:34:22:38:22:Infinity":1,"s:25:6:25:Infinity":5,"b:28:6:30:Infinity:undefined:undefined:undefined:undefined":2,"s:28:6:30:Infinity":6,"s:29:8:29:Infinity":7,"s:33:25:33:Infinity":8,"s:34:6:34:Infinity":9,"s:36:6:36:Infinity":10,"s:38:6:38:Infinity":11,"f:42:8:42:19":2,"s:43:4:56:Infinity":12,"s:44:21:44:Infinity":13,"b:45:6:45:Infinity:undefined:undefined:undefined:undefined":3,"s:45:6:45:Infinity":14,"s:45:19:45:Infinity":15,"s:47:22:47:Infinity":16,"s:50:21:50:Infinity":17,"f:50:34:50:35":3,"s:50:44:50:69":18,"s:52:6:52:Infinity":19,"b:52:21:52:46:52:46:52:Infinity":4,"s:54:6:54:Infinity":20,"s:55:6:55:Infinity":21,"f:59:8:59:73":4,"s:60:4:102:Infinity":22,"s:61:22:61:Infinity":23,"s:62:31:62:33":24,"s:65:6:72:Infinity":25,"s:65:19:65:22":26,"s:66:24:66:34":27,"s:67:25:67:39":28,"b:69:8:71:Infinity:undefined:undefined:undefined:undefined":5,"s:69:8:71:Infinity":29,"b:69:12:69:32:69:36:69:74":6,"s:70:10:70:Infinity":30,"s:75:36:75:Infinity":31,"f:75:51:75:56":5,"s:75:56:75:67":32,"b:76:6:79:Infinity:undefined:undefined:undefined:undefined":7,"s:76:6:79:Infinity":33,"s:78:8:78:Infinity":34,"s:82:25:82:Infinity":35,"s:83:29:83:Infinity":36,"b:85:6:87:Infinity:undefined:undefined:undefined:undefined":8,"s:85:6:87:Infinity":37,"b:85:10:85:24:85:24:85:55":9,"s:86:8:86:Infinity":38,"s:90:6:90:Infinity":39,"s:92:6:95:Infinity":40,"s:97:6:97:Infinity":41,"s:98:6:101:Infinity":42,"f:105:8:105:26":6,"s:106:4:124:Infinity":43,"s:107:22:107:Infinity":44,"s:108:25:108:Infinity":45,"s:110:28:110:42":46,"s:111:30:111:Infinity":47,"f:111:45:111:54":7,"s:111:54:111:Infinity":48,"s:114:25:114:Infinity":49,"s:115:6:115:Infinity":50,"s:117:27:117:65":51,"s:118:6:118:Infinity":52,"s:120:6:120:Infinity":53,"s:122:6:122:Infinity":54,"s:123:6:123:Infinity":55,"f:127:10:127:26":8,"s:129:4:129:Infinity":56,"f:132:10:132:28":9,"s:133:4:137:Infinity":57,"s:134:6:134:Infinity":58,"s:136:6:136:Infinity":59,"f:140:10:140:31":10,"s:142:17:147:Infinity":60,"f:142:44:142:50":11,"s:142:50:147:Infinity":61,"s:149:15:149:Infinity":62,"s:150:4:154:Infinity":63,"s:150:17:150:20":64,"s:151:19:151:Infinity":65,"s:152:6:152:Infinity":66,"s:153:6:153:Infinity":67,"s:155:4:155:Infinity":68,"s:10:2:10:Infinity":69,"s:11:2:11:Infinity":70,"s:12:2:12:30":71}}}
}
